Array
(
    [0] => Array
        (
            [Tables_in_swap_system] => admin_actions
            [Table_type] => BASE TABLE
        )

    [1] => Array
        (
            [Tables_in_swap_system] => admins
            [Table_type] => BASE TABLE
        )

    [2] => Array
        (
            [Tables_in_swap_system] => audit_logs
            [Table_type] => BASE TABLE
        )

    [3] => Array
        (
            [Tables_in_swap_system] => kyc_documents
            [Table_type] => BASE TABLE
        )

    [4] => Array
        (
            [Tables_in_swap_system] => ledger_accounts
            [Table_type] => BASE TABLE
        )

    [5] => Array
        (
            [Tables_in_swap_system] => ledger_entries
            [Table_type] => BASE TABLE
        )

    [6] => Array
        (
            [Tables_in_swap_system] => otp_logs
            [Table_type] => BASE TABLE
        )

    [7] => Array
        (
            [Tables_in_swap_system] => payment_instruments
            [Table_type] => BASE TABLE
        )

    [8] => Array
        (
            [Tables_in_swap_system] => roles
            [Table_type] => BASE TABLE
        )

    [9] => Array
        (
            [Tables_in_swap_system] => swap_ledgers
            [Table_type] => BASE TABLE
        )

    [10] => Array
        (
            [Tables_in_swap_system] => swap_requests
            [Table_type] => BASE TABLE
        )

    [11] => Array
        (
            [Tables_in_swap_system] => swap_transactions
            [Table_type] => BASE TABLE
        )

    [12] => Array
        (
            [Tables_in_swap_system] => transactions
            [Table_type] => BASE TABLE
        )

    [13] => Array
        (
            [Tables_in_swap_system] => treasury_accounts
            [Table_type] => BASE TABLE
        )

    [14] => Array
        (
            [Tables_in_swap_system] => users
            [Table_type] => BASE TABLE
        )

)
