2025-11-08 16:17:58 | TOKEN:  | TYPE: CASH_OUT_FAIL | AMT: 50 | EXT_ID:  | DETAILS: Swap failed at Step 1: API Call failed after 3 attempts to: http://localhost/SaccusSalis/backend/transactions/ewallet_cashout.php
2025-11-08 16:18:01 | TOKEN:  | TYPE: CASH_OUT_FAIL | AMT: 50 | EXT_ID:  | DETAILS: Swap failed at Step 1: API Call failed after 3 attempts to: http://localhost/SaccusSalis/backend/transactions/ewallet_cashout.php
2025-11-08 16:18:04 | TOKEN:  | TYPE: CASH_OUT_FAIL | AMT: 50 | EXT_ID:  | DETAILS: Swap failed at Step 1: API Call failed after 3 attempts to: http://localhost/SaccusSalis/backend/transactions/ewallet_cashout.php
2025-11-08 16:30:43 | TOKEN:  | TYPE: CASH_OUT_FAIL | AMT: 50 | EXT_ID:  | DETAILS: Swap failed at Step 1: Step 1 (Cashout) failed: Invalid token
2025-11-09 06:23:41 | TOKEN:  | TYPE: CASH_OUT_FAIL | AMT: 50 | EXT_ID:  | DETAILS: Swap failed at Step 1: Step 1 (Cashout) failed: Invalid token
2025-11-09 06:35:12 | TOKEN:  | TYPE: TOKEN_MISSING | AMT:  | EXT_ID:  | DETAILS: No token provided in request
2025-11-09 06:40:24 | TOKEN:  | TYPE: TOKEN_MISSING | AMT:  | EXT_ID:  | DETAILS: No token provided in request
2025-11-09 06:43:59 | TOKEN:  | TYPE: TOKEN_MISSING | AMT:  | EXT_ID:  | DETAILS: No token provided in request
2025-11-09 06:53:19 | TOKEN:  | TYPE: TOKEN_MISSING | AMT:  | EXT_ID:  | DETAILS: No token provided in request
2025-11-09 06:55:22 | TOKEN: +26770000001 | TYPE: CASH_OUT_FAIL | AMT: 50 | EXT_ID:  | DETAILS: Swap failed at Step 1: Step 1 (Cashout) failed: Invalid token
2025-11-09 06:55:22 | TOKEN: +26770000001 | TYPE: SWAP_FAIL | AMT: 50 | EXT_ID:  | DETAILS: Step 1 (Cashout) failed: Invalid token
2025-11-09 07:04:28 | TOKEN: +26770000001 | TYPE: SWAP_FAIL | AMT: 50 | EXT_ID: N/A | DETAILS: Unable to auto-map preatm_to_preatm: check from/to participants
2025-11-09 08:16:55 | TOKEN: +26770000001 | TYPE: CASH_OUT_FAIL | AMT: 50 | EXT_ID:  | DETAILS: Swap failed at Step 1: Step 1 (Cashout) failed: Invalid token
2025-11-09 08:29:10 | TOKEN: +26770000001 | TYPE: CASH_OUT_FAIL | AMT: 50 | EXT_ID:  | DETAILS: Swap failed at Step 1: Step 1 (Cashout) failed: Invalid token
2025-11-09 08:49:06 | TOKEN: +26770000001 | TYPE: CASH_OUT_FAIL | AMT: 50 | EXT_ID:  | DETAILS: Step 1 failed: PIN and recipient phone required
2025-11-09 09:00:32 | TOKEN: +26770000001 | TYPE: CASH_OUT_FAIL | AMT: 50 | EXT_ID:  | DETAILS: Step 1 failed: PIN and recipient phone required
2025-11-09 09:04:05 | TOKEN: +26770000001 | TYPE: CASH_OUT_FAIL | AMT: 50 | EXT_ID:  | DETAILS: Step 1 failed: Invalid PIN or phone number
2025-11-09 09:05:56 | TOKEN: +26770000001 | TYPE: CASH_OUT_FAIL | AMT: 50 | EXT_ID:  | DETAILS: Step 1 failed: Invalid PIN or phone number
2025-11-09 09:10:34 | TOKEN: +26770000001 | TYPE: CASH_OUT_FAIL | AMT: 50 | EXT_ID:  | DETAILS: Step 1 failed: Invalid PIN or phone number
2025-11-10 22:40:04 | TOKEN: +26770000000 | TYPE: CASH_OUT_FAIL | AMT: 1000 | EXT_ID:  | DETAILS: Step 1 failed: Invalid PIN or phone number
2025-11-10 23:47:01 | TOKEN: +26770000000 | TYPE: CASH_OUT_FAIL | AMT: 1000 | EXT_ID:  | DETAILS: Step 1 failed: Invalid PIN or phone number
2025-11-10 23:50:00 | TOKEN: +26770000000 | TYPE: CASH_OUT_FAIL | AMT: 1000 | EXT_ID:  | DETAILS: Step 1 failed: Invalid PIN or phone number
2025-11-11 00:55:59 | TOKEN: NO_TOKEN | TYPE: CASH_OUT_FAIL | AMT: 1000 | EXT_ID:  | DETAILS: Step 1 failed: PIN expired
2025-11-11 00:57:17 | TOKEN: NO_TOKEN | TYPE: CASH_OUT_FAIL | AMT: 1000 | EXT_ID:  | DETAILS: Step 1 failed: SQLSTATE[42S22]: Column not found: 1054 Unknown column 'redeemed_at' in 'field list'
2025-11-11 01:00:40 | TOKEN: NO_TOKEN | TYPE: CASH_OUT_FAIL | AMT: 1000 | EXT_ID:  | DETAILS: Step 1 failed: SQLSTATE[42S22]: Column not found: 1054 Unknown column 'redeemed_by' in 'field list'
2025-11-11 01:02:33 | TOKEN: NO_TOKEN | TYPE: CASH_OUT_FAIL | AMT: 1000 | EXT_ID:  | DETAILS: Step 1 failed: SQLSTATE[22007]: Invalid datetime format: 1366 Incorrect integer value: 'API_USER' for column `saccussalis`.`transactions`.`user_id` at row 1
2025-11-11 01:05:32 | TOKEN: NO_TOKEN | TYPE: CASH_OUT_FAIL | AMT: 1000 | EXT_ID:  | DETAILS: Step 1 failed: SQLSTATE[22007]: Invalid datetime format: 1366 Incorrect integer value: 'API_USER' for column `saccussalis`.`transactions`.`user_id` at row 1
2025-11-11 01:06:25 | TOKEN: NO_TOKEN | TYPE: CASH_OUT_FAIL | AMT: 1000 | EXT_ID:  | DETAILS: Step 1 failed: SQLSTATE[22007]: Invalid datetime format: 1366 Incorrect integer value: 'API_USER' for column `saccussalis`.`transactions`.`user_id` at row 1
2025-11-11 01:10:10 | TOKEN: NO_TOKEN | TYPE: CASH_OUT_FAIL | AMT: 1000 | EXT_ID:  | DETAILS: Step 1 failed: SQLSTATE[22007]: Invalid datetime format: 1366 Incorrect integer value: 'API_USER' for column `saccussalis`.`transactions`.`user_id` at row 1
2025-11-11 01:16:42 | TOKEN: NO_TOKEN | TYPE: CASH_OUT_FAIL | AMT: 1000 | EXT_ID:  | DETAILS: Step 1 failed: SQLSTATE[22007]: Invalid datetime format: 1366 Incorrect integer value: 'API_USER' for column `saccussalis`.`transactions`.`user_id` at row 1
2025-11-11 01:25:03 | TOKEN: NO_TOKEN | TYPE: CASH_OUT_FAIL | AMT: 1000 | EXT_ID:  | DETAILS: Step 1 failed: Invalid response
2025-11-11 01:27:56 | TOKEN: NO_TOKEN | TYPE: CASH_OUT_FAIL | AMT: 1000 | EXT_ID:  | DETAILS: Step 1 failed: Invalid response
2025-11-11 01:29:27 | TOKEN: +26770000000 | TYPE: CASH_OUT_FAIL | AMT: 50 | EXT_ID:  | DETAILS: Step 1 failed: Invalid response
2025-11-11 01:30:44 | TOKEN: NO_TOKEN | TYPE: CASH_OUT_FAIL | AMT: 1000 | EXT_ID:  | DETAILS: API Call failed to http://localhost/SaccusSalisbank/backend/transactions/ewallet_cashout.php — see swap_api_debug.log
2025-11-11 01:41:14 | TOKEN: NO_TOKEN | TYPE: CASH_OUT_FAIL | AMT: 1000 | EXT_ID:  | DETAILS: API Call failed to http://localhost/SaccusSalisbank/backend/transactions/ewallet_cashout.php — see swap_api_debug.log
2025-11-11 01:48:22 | TOKEN: NO_TOKEN | TYPE: CASH_OUT_FAIL | AMT: 1000 | EXT_ID:  | DETAILS: Step 1 failed: PIN already redeemed
2025-11-11 01:49:02 | TOKEN: NO_TOKEN | TYPE: CASH_OUT_FAIL | AMT: 1000 | EXT_ID:  | DETAILS: Step 1 failed: SQLSTATE[01000]: Warning: 1265 Data truncated for column 'type' at row 1
2025-11-11 01:53:35 | TOKEN: NO_TOKEN | TYPE: CASH_OUT_FAIL | AMT: 1000 | EXT_ID:  | DETAILS: API Call failed to http://localhost/SaccusSalisbank/backend/transactions/ewallet_cashout.php — see swap_api_debug.log
2025-11-11 01:54:31 | TOKEN: NO_TOKEN | TYPE: CASH_OUT_FAIL | AMT: 1000 | EXT_ID:  | DETAILS: API Call failed to http://localhost/SaccusSalisbank/backend/transactions/ewallet_cashout.php — see swap_api_debug.log
2025-11-11 01:58:44 | TOKEN: NO_TOKEN | TYPE: CASH_OUT_SUCCESS | AMT: 1000 | EXT_ID:  | DETAILS: ewallet -> Escrow
2025-11-11 02:02:51 | TOKEN: NO_TOKEN | TYPE: CASH_OUT_FAIL | AMT: 1000 | EXT_ID:  | DETAILS: Step 1 failed: PIN already redeemed
2025-11-11 02:03:28 | TOKEN: NO_TOKEN | TYPE: CASH_OUT_SUCCESS | AMT: 1000 | EXT_ID:  | DETAILS: ewallet -> Escrow
2025-11-11 02:52:22 | TOKEN: NO_TOKEN | TYPE: CASH_OUT_FAIL | AMT: 1000 | EXT_ID:  | DETAILS: Step 1 failed: PIN already redeemed
2025-11-11 02:52:56 | TOKEN: NO_TOKEN | TYPE: CASH_OUT_SUCCESS | AMT: 1000 | EXT_ID:  | DETAILS: ewallet -> Escrow
2025-11-11 02:58:10 | TOKEN: NO_TOKEN | TYPE: CASH_OUT_SUCCESS | AMT: 1000 | EXT_ID:  | DETAILS: ewallet -> Escrow
2025-11-11 03:04:53 | TOKEN: NO_TOKEN | TYPE: CASH_OUT_SUCCESS | AMT: 1000 | EXT_ID:  | DETAILS: ewallet -> Escrow
2025-11-11 03:14:41 | TOKEN: NO_TOKEN | TYPE: CASH_OUT_SUCCESS | AMT: 1000 | EXT_ID:  | DETAILS: ewallet -> Escrow
2025-11-11 03:24:36 | TOKEN: NO_TOKEN | TYPE: CASH_OUT_SUCCESS | AMT: 1000 | EXT_ID:  | DETAILS: ewallet -> Escrow
2025-11-11 03:24:38 | TOKEN: NO_TOKEN | TYPE: CASH_OUT_FAIL | AMT: 1000 | EXT_ID:  | DETAILS: Step 1 failed: PIN already redeemed
2025-11-11 06:58:29 | TOKEN: NO_TOKEN | TYPE: CASH_OUT_SUCCESS | AMT: 1000 | EXT_ID:  | DETAILS: ewallet -> Escrow
2025-11-11 07:04:12 | TOKEN: +26770000000 | TYPE: CASH_OUT_SUCCESS | AMT: 1000 | EXT_ID:  | DETAILS: ewallet -> Escrow
2025-11-11 07:18:37 | TOKEN: NO_TOKEN | TYPE: CASH_OUT_FAIL | AMT: 1000 | EXT_ID:  | DETAILS: Step 1 failed: Insufficient wallet balance for cashout
2025-11-11 07:20:18 | TOKEN: +26770000000 | TYPE: CASH_OUT_FAIL | AMT: 1000 | EXT_ID:  | DETAILS: Step 1 failed: Insufficient wallet balance for cashout
2025-11-11 07:21:02 | TOKEN: +26770000000 | TYPE: CASH_OUT_SUCCESS | AMT: 1000 | EXT_ID:  | DETAILS: ewallet -> Escrow
2025-11-11 07:25:33 | TOKEN: +26770000000 | TYPE: CASH_OUT_FAIL | AMT: 1000 | EXT_ID:  | DETAILS: Step 1 failed: Invalid PIN or phone number
2025-11-11 07:37:59 | TOKEN: +26770000000 | TYPE: CASH_OUT_FAIL | AMT: 1000 | EXT_ID:  | DETAILS: Step 1 failed: Invalid PIN or phone number
[2025-12-30 12:28:03] ERROR in SWAP_RESOLVER::SWAP_STATUS_NOT_FOUND: Swap Status Resolver log message | Details: {"participant":"saccussalis","identifier":"253353"}
[2025-12-30 12:28:03] ERROR in recordSwapLedger: Database error recording initial ledger entry. | Details: {"sql_error":"SQLSTATE[42703]: Undefined column: 7 ERROR:  column \"from_participant\" of relation \"swap_ledgers\" does not exist\nLINE 2:             swap_reference, from_participant, to_participant...\n                                    ^","from":"saccussalis","to":"zurubank","amount":100,"ref":"swap_6953b7430d55a4.92281199"}
[2025-12-30 12:28:03] ERROR in updateSwapLedgerStatus: Database error updating ledger status. | Details: {"error":"SQLSTATE[22P02]: Invalid text representation: 7 ERROR:  invalid input value for enum swap_status: \"failed_step1_api\"\nCONTEXT:  unnamed portal parameter $1 = '...'","ref":"swap_6953b7430d55a4.92281199","status":"failed_step1_api"}
[2025-12-30 12:35:46] ERROR in SWAP_RESOLVER::SWAP_STATUS_NOT_FOUND: Swap Status Resolver log message | Details: {"participant":"saccussalis","identifier":"253353"}
[2025-12-30 12:35:46] ERROR in recordSwapLedger: Database error recording initial ledger entry. | Details: {"sql_error":"SQLSTATE[42703]: Undefined column: 7 ERROR:  column \"from_participant\" of relation \"swap_ledgers\" does not exist\nLINE 2:             swap_reference, from_participant, to_participant...\n                                    ^","from":"saccussalis","to":"zurubank","amount":100,"ref":"swap_6953b9128d8321.49237543"}
[2025-12-30 12:35:46] ERROR in updateSwapLedgerStatus: Database error updating ledger status. | Details: {"error":"SQLSTATE[22P02]: Invalid text representation: 7 ERROR:  invalid input value for enum swap_status: \"failed_step1_api\"\nCONTEXT:  unnamed portal parameter $1 = '...'","ref":"swap_6953b9128d8321.49237543","status":"failed_step1_api"}
[2025-12-30 13:03:11] ERROR in SWAP_RESOLVER::SWAP_STATUS_NOT_FOUND: Swap Status Resolver log message | Details: {"participant":"saccussalis","identifier":"253353"}
[2025-12-30 13:03:11] ERROR in recordSwapLedger: Database error recording initial ledger entry. | Details: {"sql_error":"SQLSTATE[42703]: Undefined column: 7 ERROR:  column \"from_participant\" of relation \"swap_ledgers\" does not exist\nLINE 2:             swap_reference, from_participant, to_participant...\n                                    ^","from":"saccussalis","to":"zurubank","amount":100,"ref":"swap_6953bf7f95e2f9.52413707"}
[2025-12-30 13:03:11] ERROR in updateSwapLedgerStatus: Database error updating ledger status. | Details: {"error":"SQLSTATE[22P02]: Invalid text representation: 7 ERROR:  invalid input value for enum swap_status: \"failed_step1_api\"\nCONTEXT:  unnamed portal parameter $1 = '...'","ref":"swap_6953bf7f95e2f9.52413707","status":"failed_step1_api"}
[2025-12-30 13:08:41] ERROR in SWAP_RESOLVER::SWAP_STATUS_NOT_FOUND: Swap Status Resolver log message | Details: {"participant":"saccussalis","identifier":"253353"}
[2025-12-30 13:08:41] ERROR in recordSwapLedger: Database error recording initial ledger entry. | Details: {"sql_error":"SQLSTATE[42703]: Undefined column: 7 ERROR:  column \"from_participant\" of relation \"swap_ledgers\" does not exist\nLINE 2:             swap_reference, from_participant, to_participant...\n                                    ^","from":"saccussalis","to":"zurubank","amount":100,"ref":"swap_6953c0c995f652.56105509"}
[2025-12-30 13:08:41] ERROR in updateSwapLedgerStatus: Database error updating ledger status. | Details: {"error":"SQLSTATE[22P02]: Invalid text representation: 7 ERROR:  invalid input value for enum swap_status: \"failed_step1_api\"\nCONTEXT:  unnamed portal parameter $1 = '...'","ref":"swap_6953c0c995f652.56105509","status":"failed_step1_api"}
[2025-12-30 15:55:44] ERROR in SWAP_RESOLVER::SWAP_STATUS_NOT_FOUND: Swap Status Resolver log message | Details: {"participant":"saccussalis","identifier":"253353"}
[2025-12-30 15:55:44] ERROR in recordSwapLedger: Database error recording initial ledger entry. | Details: {"sql_error":"SQLSTATE[42703]: Undefined column: 7 ERROR:  column \"from_participant\" of relation \"swap_ledgers\" does not exist\nLINE 2:             swap_reference, from_participant, to_participant...\n                                    ^","from":"saccussalis","to":"zurubank","amount":100,"ref":"swap_6953e7f0b0cbc4.39637837"}
[2025-12-30 15:55:44] ERROR in updateSwapLedgerStatus: Database error updating ledger status. | Details: {"error":"SQLSTATE[22P02]: Invalid text representation: 7 ERROR:  invalid input value for enum swap_status: \"failed_step1_api\"\nCONTEXT:  unnamed portal parameter $1 = '...'","ref":"swap_6953e7f0b0cbc4.39637837","status":"failed_step1_api"}
[2025-12-30 15:59:12] ERROR in SWAP_RESOLVER::SWAP_STATUS_NOT_FOUND: Swap Status Resolver log message | Details: {"participant":"saccussalis","identifier":"253353"}
[2025-12-30 15:59:12] ERROR in recordSwapLedger: Database error recording initial ledger entry. | Details: {"sql_error":"SQLSTATE[42703]: Undefined column: 7 ERROR:  column \"from_participant\" of relation \"swap_ledgers\" does not exist\nLINE 2:             swap_reference, from_participant, to_participant...\n                                    ^","from":"saccussalis","to":"zurubank","amount":100,"ref":"swap_6953e8c0313346.31277146"}
[2025-12-30 15:59:12] ERROR in updateSwapLedgerStatus: Database error updating ledger status. | Details: {"error":"SQLSTATE[22P02]: Invalid text representation: 7 ERROR:  invalid input value for enum swap_status: \"failed_step1_api\"\nCONTEXT:  unnamed portal parameter $1 = '...'","ref":"swap_6953e8c0313346.31277146","status":"failed_step1_api"}
[2025-12-30 16:02:53] ERROR in SWAP_RESOLVER::SWAP_STATUS_NOT_FOUND: Swap Status Resolver log message | Details: {"participant":"saccussalis","identifier":"253353"}
[2025-12-30 16:02:53] ERROR in recordSwapLedger: Database error recording initial ledger entry. | Details: {"sql_error":"SQLSTATE[42703]: Undefined column: 7 ERROR:  column \"from_participant\" of relation \"swap_ledgers\" does not exist\nLINE 2:             swap_reference, from_participant, to_participant...\n                                    ^","from":"saccussalis","to":"zurubank","amount":100,"ref":"swap_6953e99d92dd10.28207891"}
[2025-12-30 16:02:53] ERROR in updateSwapLedgerStatus: Database error updating ledger status. | Details: {"error":"SQLSTATE[22P02]: Invalid text representation: 7 ERROR:  invalid input value for enum swap_status: \"failed_step1_api\"\nCONTEXT:  unnamed portal parameter $1 = '...'","ref":"swap_6953e99d92dd10.28207891","status":"failed_step1_api"}
[2025-12-30 16:05:26] ERROR in SWAP_RESOLVER::SWAP_STATUS_NOT_FOUND: Swap Status Resolver log message | Details: {"participant":"saccussalis","identifier":"253353"}
[2025-12-30 16:05:26] ERROR in recordSwapLedger: Database error recording initial ledger entry. | Details: {"sql_error":"SQLSTATE[42703]: Undefined column: 7 ERROR:  column \"from_participant\" of relation \"swap_ledgers\" does not exist\nLINE 2:             swap_reference, from_participant, to_participant...\n                                    ^","from":"saccussalis","to":"zurubank","amount":100,"ref":"swap_6953ea36030923.95459671"}
[2025-12-30 16:05:26] ERROR in updateSwapLedgerStatus: Database error updating ledger status. | Details: {"error":"SQLSTATE[22P02]: Invalid text representation: 7 ERROR:  invalid input value for enum swap_status: \"failed_step1_api\"\nCONTEXT:  unnamed portal parameter $1 = '...'","ref":"swap_6953ea36030923.95459671","status":"failed_step1_api"}
[2025-12-30 16:10:10] ERROR in SWAP_RESOLVER::SWAP_STATUS_NOT_FOUND: Swap Status Resolver log message | Details: {"participant":"saccussalis","identifier":"253353"}
[2025-12-30 16:10:10] ERROR in recordSwapLedger: Database error recording initial ledger entry. | Details: {"sql_error":"SQLSTATE[42703]: Undefined column: 7 ERROR:  column \"from_participant\" of relation \"swap_ledgers\" does not exist\nLINE 2:             swap_reference, from_participant, to_participant...\n                                    ^","from":"saccussalis","to":"zurubank","amount":100,"ref":"swap_6953eb52a199b1.23866534"}
[2025-12-30 16:10:10] ERROR in updateSwapLedgerStatus: Database error updating ledger status. | Details: {"error":"SQLSTATE[22P02]: Invalid text representation: 7 ERROR:  invalid input value for enum swap_status: \"failed_step1_api\"\nCONTEXT:  unnamed portal parameter $1 = '...'","ref":"swap_6953eb52a199b1.23866534","status":"failed_step1_api"}
[2025-12-30 16:14:50] ERROR in SWAP_RESOLVER::SWAP_STATUS_NOT_FOUND: Swap Status Resolver log message | Details: {"participant":"saccussalis","identifier":"253353"}
[2025-12-30 16:14:50] ERROR in recordSwapLedger: Database error recording initial ledger entry. | Details: {"sql_error":"SQLSTATE[42703]: Undefined column: 7 ERROR:  column \"from_participant\" of relation \"swap_ledgers\" does not exist\nLINE 2:             swap_reference, from_participant, to_participant...\n                                    ^","from":"saccussalis","to":"zurubank","amount":100,"ref":"swap_6953ec6a7ab7f2.86622490"}
[2025-12-30 16:14:50] ERROR in updateSwapLedgerStatus: Database error updating ledger status. | Details: {"error":"SQLSTATE[22P02]: Invalid text representation: 7 ERROR:  invalid input value for enum swap_status: \"failed_step1_api\"\nCONTEXT:  unnamed portal parameter $1 = '...'","ref":"swap_6953ec6a7ab7f2.86622490","status":"failed_step1_api"}
[2025-12-30 16:16:49] ERROR in SWAP_RESOLVER::SWAP_STATUS_NOT_FOUND: Swap Status Resolver log message | Details: {"participant":"saccussalis","identifier":"253353"}
[2025-12-30 16:16:49] ERROR in recordSwapLedger: Database error recording initial ledger entry. | Details: {"sql_error":"SQLSTATE[42703]: Undefined column: 7 ERROR:  column \"from_participant\" of relation \"swap_ledgers\" does not exist\nLINE 2:             swap_reference, from_participant, to_participant...\n                                    ^","from":"saccussalis","to":"zurubank","amount":100,"ref":"swap_6953ece16bba30.39997269"}
[2025-12-30 16:16:49] ERROR in updateSwapLedgerStatus: Database error updating ledger status. | Details: {"error":"SQLSTATE[22P02]: Invalid text representation: 7 ERROR:  invalid input value for enum swap_status: \"failed_step1_api\"\nCONTEXT:  unnamed portal parameter $1 = '...'","ref":"swap_6953ece16bba30.39997269","status":"failed_step1_api"}
[2025-12-30 16:21:00] ERROR in SWAP_RESOLVER::SWAP_STATUS_NOT_FOUND: Swap Status Resolver log message | Details: {"participant":"saccussalis","identifier":"253353"}
[2025-12-30 16:21:00] ERROR in recordSwapLedger: Database error recording initial ledger entry. | Details: {"sql_error":"SQLSTATE[42703]: Undefined column: 7 ERROR:  column \"from_participant\" of relation \"swap_ledgers\" does not exist\nLINE 2:             swap_reference, from_participant, to_participant...\n                                    ^","from":"saccussalis","to":"zurubank","amount":100,"ref":"swap_6953eddc3b2d08.07086836"}
[2025-12-30 16:21:00] ERROR in updateSwapLedgerStatus: Database error updating ledger status. | Details: {"error":"SQLSTATE[22P02]: Invalid text representation: 7 ERROR:  invalid input value for enum swap_status: \"failed_step1_api\"\nCONTEXT:  unnamed portal parameter $1 = '...'","ref":"swap_6953eddc3b2d08.07086836","status":"failed_step1_api"}
[2025-12-30 16:44:57] ERROR in SWAP_RESOLVER::SWAP_STATUS_NOT_FOUND: Swap Status Resolver log message | Details: {"participant":"saccussalis","identifier":"253353"}
[2025-12-30 16:44:57] ERROR in recordSwapLedger: Database error recording initial ledger entry. | Details: {"sql_error":"SQLSTATE[42703]: Undefined column: 7 ERROR:  column \"from_participant\" of relation \"swap_ledgers\" does not exist\nLINE 2:             swap_reference, from_participant, to_participant...\n                                    ^","from":"saccussalis","to":"zurubank","amount":100,"ref":"swap_6953f3799cf9c1.40135410"}
[2025-12-30 16:44:57] ERROR in updateSwapLedgerStatus: Database error updating ledger status. | Details: {"error":"SQLSTATE[22P02]: Invalid text representation: 7 ERROR:  invalid input value for enum swap_status: \"failed_step1_api\"\nCONTEXT:  unnamed portal parameter $1 = '...'","ref":"swap_6953f3799cf9c1.40135410","status":"failed_step1_api"}
[2025-12-30 16:46:12] ERROR in SWAP_RESOLVER::SWAP_STATUS_NOT_FOUND: Swap Status Resolver log message | Details: {"participant":"saccussalis","identifier":"253353"}
[2025-12-30 16:46:12] ERROR in recordSwapLedger: Database error recording initial ledger entry. | Details: {"sql_error":"SQLSTATE[42703]: Undefined column: 7 ERROR:  column \"from_participant\" of relation \"swap_ledgers\" does not exist\nLINE 2:             swap_reference, from_participant, to_participant...\n                                    ^","from":"saccussalis","to":"zurubank","amount":100,"ref":"swap_6953f3c428ded0.52586492"}
[2025-12-30 16:46:12] ERROR in updateSwapLedgerStatus: Database error updating ledger status. | Details: {"error":"SQLSTATE[22P02]: Invalid text representation: 7 ERROR:  invalid input value for enum swap_status: \"failed_step1_api\"\nCONTEXT:  unnamed portal parameter $1 = '...'","ref":"swap_6953f3c428ded0.52586492","status":"failed_step1_api"}
[2025-12-30 16:48:13] ERROR in SWAP_RESOLVER::SWAP_STATUS_NOT_FOUND: Swap Status Resolver log message | Details: {"participant":"saccussalis","identifier":"253353"}
[2025-12-30 16:48:13] ERROR in recordSwapLedger: Database error recording initial ledger entry. | Details: {"sql_error":"SQLSTATE[42703]: Undefined column: 7 ERROR:  column \"from_participant\" of relation \"swap_ledgers\" does not exist\nLINE 2:             swap_reference, from_participant, to_participant...\n                                    ^","from":"saccussalis","to":"zurubank","amount":100,"ref":"swap_6953f43d8a28c4.79789996"}
[2025-12-30 16:48:13] ERROR in updateSwapLedgerStatus: Database error updating ledger status. | Details: {"error":"SQLSTATE[22P02]: Invalid text representation: 7 ERROR:  invalid input value for enum swap_status: \"failed_step1_missing_reference\"\nCONTEXT:  unnamed portal parameter $1 = '...'","ref":"swap_6953f43d8a28c4.79789996","status":"failed_step1_missing_reference"}
[2025-12-30 16:51:00] ERROR in SWAP_RESOLVER::SWAP_STATUS_NOT_FOUND: Swap Status Resolver log message | Details: {"participant":"saccussalis","identifier":"253353"}
[2025-12-30 16:51:00] ERROR in recordSwapLedger: Database error recording initial ledger entry. | Details: {"sql_error":"SQLSTATE[42703]: Undefined column: 7 ERROR:  column \"from_participant\" of relation \"swap_ledgers\" does not exist\nLINE 2:             swap_reference, from_participant, to_participant...\n                                    ^","from":"saccussalis","to":"zurubank","amount":100,"ref":"swap_6953f4e4483677.93840288"}
[2025-12-30 16:51:00] ERROR in updateSwapLedgerStatus: Database error updating ledger status. | Details: {"error":"SQLSTATE[22P02]: Invalid text representation: 7 ERROR:  invalid input value for enum swap_status: \"failed_step1_missing_reference\"\nCONTEXT:  unnamed portal parameter $1 = '...'","ref":"swap_6953f4e4483677.93840288","status":"failed_step1_missing_reference"}
[2025-12-30 16:58:05] ERROR in SWAP_RESOLVER::SWAP_STATUS_NOT_FOUND: Swap Status Resolver log message | Details: {"participant":"saccussalis","identifier":"253353"}
[2025-12-30 16:58:05] ERROR in recordSwapLedger: Database error recording initial ledger entry. | Details: {"sql_error":"SQLSTATE[42703]: Undefined column: 7 ERROR:  column \"from_participant\" of relation \"swap_ledgers\" does not exist\nLINE 2:             swap_reference, from_participant, to_participant...\n                                    ^","from":"saccussalis","to":"zurubank","amount":100,"ref":"swap_6953f68dc8b9b0.56247723"}
[2025-12-30 16:58:05] ERROR in updateSwapLedgerStatus: Database error updating ledger status. | Details: {"error":"SQLSTATE[22P02]: Invalid text representation: 7 ERROR:  invalid input value for enum swap_status: \"failed_step1_missing_reference\"\nCONTEXT:  unnamed portal parameter $1 = '...'","ref":"swap_6953f68dc8b9b0.56247723","status":"failed_step1_missing_reference"}
[2025-12-30 17:00:35] ERROR in SWAP_RESOLVER::SWAP_STATUS_NOT_FOUND: Swap Status Resolver log message | Details: {"participant":"saccussalis","identifier":"253353"}
[2025-12-30 17:00:35] ERROR in recordSwapLedger: Database error recording initial ledger entry. | Details: {"sql_error":"SQLSTATE[42703]: Undefined column: 7 ERROR:  column \"from_participant\" of relation \"swap_ledgers\" does not exist\nLINE 2:             swap_reference, from_participant, to_participant...\n                                    ^","from":"saccussalis","to":"zurubank","amount":100,"ref":"swap_6953f7237881e9.87844207"}
[2025-12-30 17:00:35] ERROR in updateSwapLedgerStatus: Database error updating ledger status. | Details: {"error":"SQLSTATE[22P02]: Invalid text representation: 7 ERROR:  invalid input value for enum swap_status: \"failed_step2\"\nCONTEXT:  unnamed portal parameter $1 = '...'","ref":"swap_6953f7237881e9.87844207","status":"failed_step2"}
[2025-12-30 17:00:35] ERROR in updateSwapLedgerStatus: Database error updating ledger status. | Details: {"error":"SQLSTATE[22P02]: Invalid text representation: 7 ERROR:  invalid input value for enum swap_status: \"reversed_failed_api\"\nCONTEXT:  unnamed portal parameter $1 = '...'","ref":"swap_6953f7237881e9.87844207","status":"reversed_failed_api"}
[2025-12-30 19:14:25] ERROR in SWAP_RESOLVER::SWAP_STATUS_NOT_FOUND: Swap Status Resolver log message | Details: {"participant":"saccussalis","identifier":"253353"}
[2025-12-30 19:14:25] ERROR in recordSwapLedger: Database error recording initial ledger entry. | Details: {"sql_error":"SQLSTATE[42703]: Undefined column: 7 ERROR:  column \"from_participant\" of relation \"swap_ledgers\" does not exist\nLINE 2:             swap_reference, from_participant, to_participant...\n                                    ^","from":"saccussalis","to":"zurubank","amount":100,"ref":"swap_69541681eae616.70807282"}
[2025-12-30 19:14:25] ERROR in updateSwapLedgerStatus: Database error updating ledger status. | Details: {"error":"SQLSTATE[22P02]: Invalid text representation: 7 ERROR:  invalid input value for enum swap_status: \"failed_step1_api\"\nCONTEXT:  unnamed portal parameter $1 = '...'","ref":"swap_69541681eae616.70807282","status":"failed_step1_api"}
[2025-12-30 19:15:36] ERROR in SWAP_RESOLVER::SWAP_STATUS_NOT_FOUND: Swap Status Resolver log message | Details: {"participant":"saccussalis","identifier":"253353"}
[2025-12-30 19:15:36] ERROR in recordSwapLedger: Database error recording initial ledger entry. | Details: {"sql_error":"SQLSTATE[42703]: Undefined column: 7 ERROR:  column \"from_participant\" of relation \"swap_ledgers\" does not exist\nLINE 2:             swap_reference, from_participant, to_participant...\n                                    ^","from":"saccussalis","to":"zurubank","amount":100,"ref":"swap_695416c8734697.81001080"}
[2025-12-30 19:15:36] ERROR in updateSwapLedgerStatus: Database error updating ledger status. | Details: {"error":"SQLSTATE[22P02]: Invalid text representation: 7 ERROR:  invalid input value for enum swap_status: \"failed_step2\"\nCONTEXT:  unnamed portal parameter $1 = '...'","ref":"swap_695416c8734697.81001080","status":"failed_step2"}
[2025-12-30 19:15:36] ERROR in updateSwapLedgerStatus: Database error updating ledger status. | Details: {"error":"SQLSTATE[22P02]: Invalid text representation: 7 ERROR:  invalid input value for enum swap_status: \"reversed_failed_api\"\nCONTEXT:  unnamed portal parameter $1 = '...'","ref":"swap_695416c8734697.81001080","status":"reversed_failed_api"}
[2025-12-30 19:23:33] ERROR in SWAP_RESOLVER::SWAP_STATUS_NOT_FOUND: Swap Status Resolver log message | Details: {"participant":"saccussalis","identifier":"253353"}
[2025-12-30 19:23:33] ERROR in recordSwapLedger: Database error recording initial ledger entry. | Details: {"sql_error":"SQLSTATE[42703]: Undefined column: 7 ERROR:  column \"from_participant\" of relation \"swap_ledgers\" does not exist\nLINE 2:             swap_reference, from_participant, to_participant...\n                                    ^","from":"saccussalis","to":"zurubank","amount":100,"ref":"swap_695418a53ef6b6.53379164"}
[2025-12-30 19:23:33] ERROR in updateSwapLedgerFees: Database error updating ledger fees. | Details: {"error":"SQLSTATE[42703]: Undefined column: 7 ERROR:  column \"final_amount\" of relation \"swap_ledgers\" does not exist\nLINE 1: UPDATE swap_ledgers SET final_amount=$1, swap_fee=$2, creati...\n                                ^","ref":"swap_695418a53ef6b6.53379164"}
[2025-12-30 19:34:09] ERROR in recordSwapLedger: Database error recording initial ledger entry. | Details: {"sql_error":"SQLSTATE[42703]: Undefined column: 7 ERROR:  column \"from_participant\" of relation \"swap_ledgers\" does not exist\nLINE 2:             swap_reference, from_participant, to_participant...\n                                    ^","from":"zurubank","to":"saccussalis","amount":100,"ref":"swap_69541b216d3e66.76508079"}
[2025-12-30 19:34:09] ERROR in updateSwapLedgerStatus: Database error updating ledger status. | Details: {"error":"SQLSTATE[22P02]: Invalid text representation: 7 ERROR:  invalid input value for enum swap_status: \"failed_step2\"\nCONTEXT:  unnamed portal parameter $1 = '...'","ref":"swap_69541b216d3e66.76508079","status":"failed_step2"}
[2025-12-30 19:50:18] ERROR in SWAP_RESOLVER::SWAP_STATUS_NOT_FOUND: Swap Status Resolver log message | Details: {"participant":"zurubank","identifier":"653700292"}
[2025-12-30 19:50:18] ERROR in recordSwapLedger: Database error recording initial ledger entry. | Details: {"sql_error":"SQLSTATE[42703]: Undefined column: 7 ERROR:  column \"from_participant\" of relation \"swap_ledgers\" does not exist\nLINE 2:             swap_reference, from_participant, to_participant...\n                                    ^","from":"zurubank","to":"saccussalis","amount":100,"ref":"swap_69541eeadedb25.47965831"}
[2025-12-30 19:50:18] ERROR in updateSwapLedgerStatus: Database error updating ledger status. | Details: {"error":"SQLSTATE[22P02]: Invalid text representation: 7 ERROR:  invalid input value for enum swap_status: \"failed_step1_system\"\nCONTEXT:  unnamed portal parameter $1 = '...'","ref":"swap_69541eeadedb25.47965831","status":"failed_step1_system"}
[2025-12-30 19:56:33] ERROR in SWAP_RESOLVER::SWAP_STATUS_NOT_FOUND: Swap Status Resolver log message | Details: {"participant":"zurubank","identifier":"653700292"}
[2025-12-30 19:56:33] ERROR in recordSwapLedger: Database error recording initial ledger entry. | Details: {"sql_error":"SQLSTATE[42703]: Undefined column: 7 ERROR:  column \"from_participant\" of relation \"swap_ledgers\" does not exist\nLINE 2:             swap_reference, from_participant, to_participant...\n                                    ^","from":"zurubank","to":"saccussalis","amount":100,"ref":"swap_695420618ee4d0.43145225"}
[2025-12-30 19:56:33] ERROR in updateSwapLedgerStatus: Database error updating ledger status. | Details: {"error":"SQLSTATE[22P02]: Invalid text representation: 7 ERROR:  invalid input value for enum swap_status: \"failed_step1_system\"\nCONTEXT:  unnamed portal parameter $1 = '...'","ref":"swap_695420618ee4d0.43145225","status":"failed_step1_system"}
[2026-01-03 00:35:00] ERROR in SWAP_RESOLVER::SWAP_STATUS_NOT_FOUND: Swap Status Resolver log message | Details: {"participant":"zurubank","identifier":"653700292"}
[2026-01-03 00:35:00] ERROR in recordSwapLedger: Database error recording initial ledger entry. | Details: {"sql_error":"SQLSTATE[42703]: Undefined column: 7 ERROR:  column \"from_participant\" of relation \"swap_ledgers\" does not exist\nLINE 2:             swap_reference, from_participant, to_participant...\n                                    ^","from":"zurubank","to":"saccussalis","amount":100,"ref":"swap_6958562460ab01.13524378"}
[2026-01-03 00:35:00] ERROR in updateSwapLedgerStatus: Database error updating ledger status. | Details: {"error":"SQLSTATE[22P02]: Invalid text representation: 7 ERROR:  invalid input value for enum swap_status: \"failed_step1_system\"\nCONTEXT:  unnamed portal parameter $1 = '...'","ref":"swap_6958562460ab01.13524378","status":"failed_step1_system"}
[2026-01-03 00:40:47] ERROR in SWAP_RESOLVER::SWAP_STATUS_NOT_FOUND: Swap Status Resolver log message | Details: {"participant":"zurubank","identifier":"653700292"}
[2026-01-03 00:40:47] ERROR in recordSwapLedger: Database error recording initial ledger entry. | Details: {"sql_error":"SQLSTATE[42703]: Undefined column: 7 ERROR:  column \"from_participant\" of relation \"swap_ledgers\" does not exist\nLINE 2:             swap_reference, from_participant, to_participant...\n                                    ^","from":"zurubank","to":"saccussalis","amount":100,"ref":"swap_6958577f7b3432.66564180"}
[2026-01-03 00:40:47] ERROR in updateSwapLedgerStatus: Database error updating ledger status. | Details: {"error":"SQLSTATE[22P02]: Invalid text representation: 7 ERROR:  invalid input value for enum swap_status: \"failed_step1_api\"\nCONTEXT:  unnamed portal parameter $1 = '...'","ref":"swap_6958577f7b3432.66564180","status":"failed_step1_api"}
[2026-01-03 00:42:03] ERROR in SWAP_RESOLVER::SWAP_STATUS_NOT_FOUND: Swap Status Resolver log message | Details: {"participant":"zurubank","identifier":"653700292"}
[2026-01-03 00:42:03] ERROR in recordSwapLedger: Database error recording initial ledger entry. | Details: {"sql_error":"SQLSTATE[42703]: Undefined column: 7 ERROR:  column \"from_participant\" of relation \"swap_ledgers\" does not exist\nLINE 2:             swap_reference, from_participant, to_participant...\n                                    ^","from":"zurubank","to":"saccussalis","amount":100,"ref":"swap_695857cbccfe29.88937052"}
[2026-01-03 00:42:04] ERROR in updateSwapLedgerStatus: Database error updating ledger status. | Details: {"error":"SQLSTATE[22P02]: Invalid text representation: 7 ERROR:  invalid input value for enum swap_status: \"failed_step2\"\nCONTEXT:  unnamed portal parameter $1 = '...'","ref":"swap_695857cbccfe29.88937052","status":"failed_step2"}
[2026-01-03 00:42:04] ERROR in updateSwapLedgerStatus: Database error updating ledger status. | Details: {"error":"SQLSTATE[22P02]: Invalid text representation: 7 ERROR:  invalid input value for enum swap_status: \"reversed_success\"\nCONTEXT:  unnamed portal parameter $1 = '...'","ref":"swap_695857cbccfe29.88937052","status":"reversed_success"}
[2026-01-03 00:46:56] ERROR in SWAP_RESOLVER::SWAP_STATUS_NOT_FOUND: Swap Status Resolver log message | Details: {"participant":"zurubank","identifier":"653700292"}
[2026-01-03 00:46:56] ERROR in recordSwapLedger: Database error recording initial ledger entry. | Details: {"sql_error":"SQLSTATE[42703]: Undefined column: 7 ERROR:  column \"from_participant\" of relation \"swap_ledgers\" does not exist\nLINE 2:             swap_reference, from_participant, to_participant...\n                                    ^","from":"zurubank","to":"saccussalis","amount":100,"ref":"swap_695858f0732ed6.86733419"}
[2026-01-03 00:46:56] ERROR in updateSwapLedgerStatus: Database error updating ledger status. | Details: {"error":"SQLSTATE[22P02]: Invalid text representation: 7 ERROR:  invalid input value for enum swap_status: \"failed_step2\"\nCONTEXT:  unnamed portal parameter $1 = '...'","ref":"swap_695858f0732ed6.86733419","status":"failed_step2"}
[2026-01-03 00:46:56] ERROR in updateSwapLedgerStatus: Database error updating ledger status. | Details: {"error":"SQLSTATE[22P02]: Invalid text representation: 7 ERROR:  invalid input value for enum swap_status: \"reversed_success\"\nCONTEXT:  unnamed portal parameter $1 = '...'","ref":"swap_695858f0732ed6.86733419","status":"reversed_success"}
[2026-01-03 00:51:08] ERROR in SWAP_RESOLVER::SWAP_STATUS_NOT_FOUND: Swap Status Resolver log message | Details: {"participant":"zurubank","identifier":"653700292"}
[2026-01-03 00:51:08] ERROR in recordSwapLedger: Database error recording initial ledger entry. | Details: {"sql_error":"SQLSTATE[42703]: Undefined column: 7 ERROR:  column \"from_participant\" of relation \"swap_ledgers\" does not exist\nLINE 2:             swap_reference, from_participant, to_participant...\n                                    ^","from":"zurubank","to":"saccussalis","amount":100,"ref":"swap_695859ec92fe42.23514344"}
[2026-01-03 00:51:08] ERROR in updateSwapLedgerFees: Database error updating ledger fees. | Details: {"error":"SQLSTATE[42703]: Undefined column: 7 ERROR:  column \"final_amount\" of relation \"swap_ledgers\" does not exist\nLINE 1: UPDATE swap_ledgers SET final_amount=$1, swap_fee=$2, creati...\n                                ^","ref":"swap_695859ec92fe42.23514344"}
[2026-01-03 01:11:54] ERROR in SWAP_RESOLVER::SWAP_STATUS_NOT_FOUND: Swap Status Resolver log message | Details: {"participant":"saccussalis","identifier":"907310"}
[2026-01-03 01:11:54] ERROR in recordSwapLedger: Database error recording initial ledger entry. | Details: {"sql_error":"SQLSTATE[42703]: Undefined column: 7 ERROR:  column \"from_participant\" of relation \"swap_ledgers\" does not exist\nLINE 2:             swap_reference, from_participant, to_participant...\n                                    ^","from":"saccussalis","to":"zurubank","amount":100,"ref":"swap_69585eca346931.49652625"}
[2026-01-03 01:11:54] ERROR in updateSwapLedgerFees: Database error updating ledger fees. | Details: {"error":"SQLSTATE[42703]: Undefined column: 7 ERROR:  column \"final_amount\" of relation \"swap_ledgers\" does not exist\nLINE 1: UPDATE swap_ledgers SET final_amount=$1, swap_fee=$2, creati...\n                                ^","ref":"swap_69585eca346931.49652625"}
[2026-01-03 01:16:13] ERROR in SWAP_RESOLVER::SWAP_STATUS_NOT_FOUND: Swap Status Resolver log message | Details: {"participant":"saccussalis","identifier":"907310"}
[2026-01-03 01:17:48] ERROR in SWAP_RESOLVER::SWAP_STATUS_NOT_FOUND: Swap Status Resolver log message | Details: {"participant":"saccussalis","identifier":"907310"}
[2026-01-03 01:29:26] ERROR in SWAP_RESOLVER::SWAP_STATUS_NOT_FOUND: Swap Status Resolver log message | Details: {"participant":"saccussalis","identifier":"907310"}
[2026-01-03 01:29:26] ERROR in recordSwapLedger: Database error recording initial ledger entry. | Details: {"sql_error":"SQLSTATE[42703]: Undefined column: 7 ERROR:  column \"from_participant\" of relation \"swap_ledgers\" does not exist\nLINE 2:             swap_reference, from_participant, to_participant...\n                                    ^","from":"saccussalis","to":"zurubank","amount":100,"ref":"swap_695862e668cd46.32364264"}
[2026-01-03 01:29:26] ERROR in updateSwapLedgerFees: Database error updating ledger fees. | Details: {"error":"SQLSTATE[42703]: Undefined column: 7 ERROR:  column \"final_amount\" of relation \"swap_ledgers\" does not exist\nLINE 1: UPDATE swap_ledgers SET final_amount=$1, swap_fee=$2, creati...\n                                ^","ref":"swap_695862e668cd46.32364264"}
[2026-01-03 08:29:46] ERROR in SWAP_RESOLVER::SWAP_STATUS_NOT_FOUND: Swap Status Resolver log message | Details: {"participant":"saccussalis","identifier":"907310"}
[2026-01-03 08:29:46] ERROR in recordSwapLedger: Database error recording initial ledger entry. | Details: {"sql_error":"SQLSTATE[42703]: Undefined column: 7 ERROR:  column \"from_participant\" of relation \"swap_ledgers\" does not exist\nLINE 2:             swap_reference, from_participant, to_participant...\n                                    ^","from":"saccussalis","to":"zurubank","amount":100,"ref":"swap_6958c56a9d87c0.23977216"}
[2026-01-03 08:29:46] ERROR in updateSwapLedgerFees: Database error updating ledger fees. | Details: {"error":"SQLSTATE[42703]: Undefined column: 7 ERROR:  column \"final_amount\" of relation \"swap_ledgers\" does not exist\nLINE 1: UPDATE swap_ledgers SET final_amount=$1, swap_fee=$2, creati...\n                                ^","ref":"swap_6958c56a9d87c0.23977216"}
[2026-01-03 08:38:20] ERROR in SWAP_RESOLVER::SWAP_STATUS_NOT_FOUND: Swap Status Resolver log message | Details: {"participant":"saccussalis","identifier":"907310"}
[2026-01-03 08:38:20] ERROR in recordSwapLedger: Database error recording initial ledger entry. | Details: {"sql_error":"SQLSTATE[42703]: Undefined column: 7 ERROR:  column \"from_participant\" of relation \"swap_ledgers\" does not exist\nLINE 2:             swap_reference, from_participant, to_participant...\n                                    ^","from":"saccussalis","to":"zurubank","amount":100,"ref":"swap_6958c76cdaf4b1.55422054"}
[2026-01-03 08:38:21] ERROR in updateSwapLedgerFees: Database error updating ledger fees. | Details: {"error":"SQLSTATE[42703]: Undefined column: 7 ERROR:  column \"final_amount\" of relation \"swap_ledgers\" does not exist\nLINE 1: UPDATE swap_ledgers SET final_amount=$1, swap_fee=$2, creati...\n                                ^","ref":"swap_6958c76cdaf4b1.55422054"}
[2026-01-03 08:43:14] ERROR in SWAP_RESOLVER::SWAP_STATUS_NOT_FOUND: Swap Status Resolver log message | Details: {"participant":"saccussalis","identifier":"907310"}
[2026-01-03 08:43:14] ERROR in recordSwapLedger: Database error recording initial ledger entry. | Details: {"sql_error":"SQLSTATE[42703]: Undefined column: 7 ERROR:  column \"from_participant\" of relation \"swap_ledgers\" does not exist\nLINE 2:             swap_reference, from_participant, to_participant...\n                                    ^","from":"saccussalis","to":"zurubank","amount":100,"ref":"swap_6958c89242d140.11387880"}
[2026-01-03 08:43:14] ERROR in updateSwapLedgerFees: Database error updating ledger fees. | Details: {"error":"SQLSTATE[42703]: Undefined column: 7 ERROR:  column \"final_amount\" of relation \"swap_ledgers\" does not exist\nLINE 1: UPDATE swap_ledgers SET final_amount=$1, swap_fee=$2, creati...\n                                ^","ref":"swap_6958c89242d140.11387880"}
[2026-01-03 08:58:54] ERROR in SWAP_RESOLVER::SWAP_STATUS_NOT_FOUND: Swap Status Resolver log message | Details: {"participant":"saccussalis","identifier":"907310"}
[2026-01-03 08:58:54] ERROR in recordSwapLedger: Database error recording initial ledger entry. | Details: {"sql_error":"SQLSTATE[42703]: Undefined column: 7 ERROR:  column \"from_participant\" of relation \"swap_ledgers\" does not exist\nLINE 2:             swap_reference, from_participant, to_participant...\n                                    ^","from":"saccussalis","to":"zurubank","amount":100,"ref":"swap_6958cc3e341478.57827040"}
[2026-01-03 08:58:54] ERROR in updateSwapLedgerFees: Database error updating ledger fees. | Details: {"error":"SQLSTATE[42703]: Undefined column: 7 ERROR:  column \"final_amount\" of relation \"swap_ledgers\" does not exist\nLINE 1: UPDATE swap_ledgers SET final_amount=$1, swap_fee=$2, creati...\n                                ^","ref":"swap_6958cc3e341478.57827040"}
[2026-01-03 09:12:14] ERROR in SWAP_RESOLVER::SWAP_STATUS_NOT_FOUND: Swap Status Resolver log message | Details: {"participant":"saccussalis","identifier":"907310"}
[2026-01-03 09:12:14] ERROR in recordSwapLedger: Database error recording initial ledger entry. | Details: {"sql_error":"SQLSTATE[42703]: Undefined column: 7 ERROR:  column \"from_participant\" of relation \"swap_ledgers\" does not exist\nLINE 2:             swap_reference, from_participant, to_participant...\n                                    ^","from":"saccussalis","to":"zurubank","amount":100,"ref":"swap_6958cf5eed5332.59641493"}
[2026-01-03 09:12:15] ERROR in updateSwapLedgerFees: Database error updating ledger fees. | Details: {"error":"SQLSTATE[42703]: Undefined column: 7 ERROR:  column \"final_amount\" of relation \"swap_ledgers\" does not exist\nLINE 1: UPDATE swap_ledgers SET final_amount=$1, swap_fee=$2, creati...\n                                ^","ref":"swap_6958cf5eed5332.59641493"}
[2026-01-03 09:12:58] ERROR in recordSwapLedger: Database error recording initial ledger entry. | Details: {"sql_error":"SQLSTATE[42703]: Undefined column: 7 ERROR:  column \"from_participant\" of relation \"swap_ledgers\" does not exist\nLINE 2:             swap_reference, from_participant, to_participant...\n                                    ^","from":"saccussalis","to":"zurubank","amount":100,"ref":"swap_6958cf8a052dd6.53603262"}
[2026-01-03 09:12:58] ERROR in updateSwapLedgerFees: Database error updating ledger fees. | Details: {"error":"SQLSTATE[42703]: Undefined column: 7 ERROR:  column \"final_amount\" of relation \"swap_ledgers\" does not exist\nLINE 1: UPDATE swap_ledgers SET final_amount=$1, swap_fee=$2, creati...\n                                ^","ref":"swap_6958cf8a052dd6.53603262"}
[2026-01-24 22:44:32] ERROR in SWAP_RESOLVER::SWAP_STATUS_NOT_FOUND: Swap Status Resolver log message | Details: {"participant":"saccussalis","identifier":"919638"}
[2026-01-24 22:48:27] ERROR in SWAP_RESOLVER::SWAP_STATUS_NOT_FOUND: Swap Status Resolver log message | Details: {"participant":"saccussalis","identifier":"919638"}
[2026-01-24 22:56:23] ERROR in SWAP_RESOLVER::SWAP_STATUS_NOT_FOUND: Swap Status Resolver log message | Details: {"participant":"saccussalis","identifier":"919638"}
[2026-01-24 22:59:25] ERROR in SWAP_RESOLVER::SWAP_STATUS_NOT_FOUND: Swap Status Resolver log message | Details: {"participant":"saccussalis","identifier":"919638"}
[2026-01-24 22:59:25] ERROR in KILL_SWITCH: System suspended by licensor | Details: {"country":"unknown"}
[2026-01-24 23:11:38] ERROR in SWAP_RESOLVER::SWAP_STATUS_NOT_FOUND: Swap Status Resolver log message | Details: {"participant":"saccussalis","identifier":"919638"}
[2026-01-24 23:11:38] ERROR in KILL_SWITCH: System suspended by licensor | Details: {"country":"unknown"}
[2026-01-24 23:32:12] ERROR in SWAP_RESOLVER::SWAP_STATUS_NOT_FOUND: Swap Status Resolver log message | Details: {"participant":"saccussalis","identifier":"919638"}
[2026-01-24 23:32:12] ERROR in KILL_SWITCH: System suspended by licensor | Details: {"country":"unknown"}
[2026-01-24 23:38:32] ERROR in SWAP_RESOLVER::SWAP_STATUS_NOT_FOUND: Swap Status Resolver log message | Details: {"participant":"saccussalis","identifier":"919638"}
[2026-01-24 23:38:32] ERROR in KILL_SWITCH: System suspended by licensor | Details: {"country":"unknown"}
[2026-01-24 23:50:54] ERROR in SWAP_RESOLVER::SWAP_STATUS_NOT_FOUND: Swap Status Resolver log message | Details: {"participant":"saccussalis","identifier":"919638"}
[2026-01-24 23:50:54] ERROR in KILL_SWITCH: System suspended by licensor | Details: {"country":"unknown"}
[2026-01-25 00:03:54] ERROR in SWAP_RESOLVER::SWAP_STATUS_NOT_FOUND: Swap Status Resolver log message | Details: {"participant":"saccussalis","identifier":"919638"}
[2026-01-25 00:03:54] ERROR in KILL_SWITCH: System suspended by licensor | Details: {"country":"unknown"}
[2026-01-25 00:13:11] ERROR in SWAP_RESOLVER::SWAP_STATUS_NOT_FOUND: Swap Status Resolver log message | Details: {"participant":"saccussalis","identifier":"919638"}
[2026-01-25 00:13:11] ERROR in KILL_SWITCH: System suspended by licensor | Details: {"country":"unknown"}
[2026-01-25 00:32:09] ERROR in SWAP_RESOLVER::SWAP_STATUS_NOT_FOUND: Swap Status Resolver log message | Details: {"participant":"saccussalis","identifier":"919638"}
[2026-01-25 00:32:09] ERROR in KILL_SWITCH: System suspended by licensor | Details: {"country":"unknown"}
[2026-01-25 00:41:48] ERROR in SWAP_RESOLVER::SWAP_STATUS_UNKNOWN_PARTICIPANT: Swap Status Resolver log message | Details: {"participant":"banka"}
[2026-01-25 00:41:48] ERROR in KILL_SWITCH: System suspended by licensor | Details: {"country":"unknown"}
[2026-01-25 00:46:10] ERROR in SWAP_RESOLVER::SWAP_STATUS_NOT_FOUND: Swap Status Resolver log message | Details: {"participant":"saccussalis","identifier":"919638"}
[2026-01-25 00:46:10] ERROR in recordSwapLedger: Database error recording initial ledger entry. | Details: {"sql_error":"SQLSTATE[42703]: Undefined column: 7 ERROR:  column \"from_participant\" of relation \"swap_ledgers\" does not exist\nLINE 2:             swap_reference, from_participant, to_participant...\n                                    ^","from":"saccussalis","to":"zurubank","amount":100,"ref":"swap_697559c2523b81.78825235"}
[2026-01-25 00:46:10] ERROR in updateSwapLedgerFees: Database error updating ledger fees. | Details: {"error":"SQLSTATE[42703]: Undefined column: 7 ERROR:  column \"final_amount\" of relation \"swap_ledgers\" does not exist\nLINE 1: UPDATE swap_ledgers SET final_amount=$1, swap_fee=$2, creati...\n                                ^","ref":"swap_697559c2523b81.78825235"}
[2026-01-25 00:48:13] ERROR in SWAP_RESOLVER::SWAP_STATUS_NOT_FOUND: Swap Status Resolver log message | Details: {"participant":"saccussalis","identifier":"919638"}
[2026-01-25 01:15:12] ERROR in SWAP_RESOLVER::SWAP_STATUS_NOT_FOUND: Swap Status Resolver log message | Details: {"participant":"saccussalis","identifier":"919638"}
[2026-01-25 01:16:40] ERROR in SWAP_RESOLVER::SWAP_STATUS_NOT_FOUND: Swap Status Resolver log message | Details: {"participant":"saccussalis","identifier":"919638"}
[2026-01-25 01:18:53] ERROR in SWAP_RESOLVER::SWAP_STATUS_NOT_FOUND: Swap Status Resolver log message | Details: {"participant":"saccussalis","identifier":"919638"}
[2026-01-25 01:20:44] ERROR in SWAP_RESOLVER::SWAP_STATUS_NOT_FOUND: Swap Status Resolver log message | Details: {"participant":"saccussalis","identifier":"919638"}
[2026-01-25 01:23:19] ERROR in SWAP_RESOLVER::SWAP_STATUS_NOT_FOUND: Swap Status Resolver log message | Details: {"participant":"saccussalis","identifier":"919638"}
[2026-01-25 01:40:47] ERROR in SWAP_RESOLVER::SWAP_STATUS_NOT_FOUND: Swap Status Resolver log message | Details: {"participant":"saccussalis","identifier":"919638"}
[2026-01-25 01:42:05] ERROR in SWAP_RESOLVER::SWAP_STATUS_NOT_FOUND: Swap Status Resolver log message | Details: {"participant":"saccussalis","identifier":"919638"}
[2026-01-25 01:42:05] ERROR in recordSwapLedger: Database error recording initial ledger entry. | Details: {"sql_error":"SQLSTATE[42703]: Undefined column: 7 ERROR:  column \"from_participant\" of relation \"swap_ledgers\" does not exist\nLINE 2:             swap_reference, from_participant, to_participant...\n                                    ^","from":"saccussalis","to":"zurubank","amount":100,"ref":"swap_697566dddac284.19695245"}
[2026-01-25 01:42:06] ERROR in updateSwapLedgerFees: Database error updating ledger fees. | Details: {"error":"SQLSTATE[42703]: Undefined column: 7 ERROR:  column \"final_amount\" of relation \"swap_ledgers\" does not exist\nLINE 1: UPDATE swap_ledgers SET final_amount=$1, swap_fee=$2, creati...\n                                ^","ref":"swap_697566dddac284.19695245"}
[2026-01-25 09:50:33] ERROR in SWAP_RESOLVER::SWAP_STATUS_NOT_FOUND: Swap Status Resolver log message | Details: {"participant":"saccussalis","identifier":"919638"}
[2026-01-25 09:50:33] ERROR in recordSwapLedger: Database error recording initial ledger entry. | Details: {"sql_error":"SQLSTATE[42703]: Undefined column: 7 ERROR:  column \"from_participant\" of relation \"swap_ledgers\" does not exist\nLINE 2:             swap_reference, from_participant, to_participant...\n                                    ^","from":"saccussalis","to":"zurubank","amount":100,"ref":"swap_6975d9598d86b8.34307404"}
[2026-01-25 09:50:33] ERROR in updateSwapLedgerFees: Database error updating ledger fees. | Details: {"error":"SQLSTATE[42703]: Undefined column: 7 ERROR:  column \"final_amount\" of relation \"swap_ledgers\" does not exist\nLINE 1: UPDATE swap_ledgers SET final_amount=$1, swap_fee=$2, creati...\n                                ^","ref":"swap_6975d9598d86b8.34307404"}
[2026-02-04 21:11:00] SWAP_RESOLVER::SWAP_STATUS_IDENTIFIER_MISSING: Resolver event | {"participant":"zurubank","input":{"fromParticipant":"zurubank","from_type":"voucher","toParticipant":"saccussalis","to_type":"ewallet","token":null,"sender_phone":"+26770000000","recipient_phone":"+26770000000","amount":100,"voucher_number":"175043280","pin":"522401","recipient_account":null,"user_id":0}}
[2026-02-04 21:11:00] recordSwapLedger: Database error recording initial ledger entry. | {"sql_error":"SQLSTATE[42703]: Undefined column: 7 ERROR:  column \"from_participant\" of relation \"swap_ledgers\" does not exist\nLINE 2:             swap_reference, from_participant, to_participant...\n                                    ^","from":"zurubank","to":"saccussalis","amount":100,"ref":"swap_6983a7d4c03722.19700434"}
[2026-02-04 21:11:00] updateSwapLedgerStatus: Database error updating ledger status. | {"error":"SQLSTATE[22P02]: Invalid text representation: 7 ERROR:  invalid input value for enum swap_status: \"failed_step1_system\"\nCONTEXT:  unnamed portal parameter $1 = '...'","ref":"swap_6983a7d4c03722.19700434","status":"failed_step1_system"}
[2026-02-04 21:15:34] SWAP_RESOLVER::SWAP_STATUS_IDENTIFIER_MISSING: Resolver event | {"participant":"zurubank","input":{"fromParticipant":"zurubank","from_type":"voucher","toParticipant":"saccussalis","to_type":"ewallet","token":null,"sender_phone":"+26770000000","recipient_phone":"+26770000000","amount":100,"voucher_number":"175043280","pin":"522401","recipient_account":null,"user_id":0}}
[2026-02-04 21:15:34] recordSwapLedger: Database error recording initial ledger entry. | {"sql_error":"SQLSTATE[42703]: Undefined column: 7 ERROR:  column \"from_participant\" of relation \"swap_ledgers\" does not exist\nLINE 2:             swap_reference, from_participant, to_participant...\n                                    ^","from":"zurubank","to":"saccussalis","amount":100,"ref":"swap_6983a8e6852e50.78526363"}
[2026-02-04 21:15:34] updateSwapLedgerStatus: Database error updating ledger status. | {"error":"SQLSTATE[22P02]: Invalid text representation: 7 ERROR:  invalid input value for enum swap_status: \"failed_step1_system\"\nCONTEXT:  unnamed portal parameter $1 = '...'","ref":"swap_6983a8e6852e50.78526363","status":"failed_step1_system"}
[2026-02-04 21:34:13] SWAP_RESOLVER::SWAP_STATUS_IDENTIFIER_MISSING: Resolver event | {"participant":"zurubank","input":{"fromParticipant":"zurubank","from_type":"voucher","toParticipant":"saccussalis","to_type":"ewallet","token":null,"sender_phone":"+26770000000","recipient_phone":"+26770000000","amount":100,"voucher_number":"175043280","pin":"522401","recipient_account":null,"user_id":0}}
[2026-02-04 21:34:13] recordSwapLedger: Database error recording initial ledger entry. | {"sql_error":"SQLSTATE[42703]: Undefined column: 7 ERROR:  column \"from_participant\" of relation \"swap_ledgers\" does not exist\nLINE 2:             swap_reference, from_participant, to_participant...\n                                    ^","from":"zurubank","to":"saccussalis","amount":100,"ref":"swap_6983ad457ce107.45755272"}
[2026-02-04 21:34:13] updateSwapLedgerStatus: Database error updating ledger status. | {"error":"SQLSTATE[22P02]: Invalid text representation: 7 ERROR:  invalid input value for enum swap_status: \"failed_step1_system\"\nCONTEXT:  unnamed portal parameter $1 = '...'","ref":"swap_6983ad457ce107.45755272","status":"failed_step1_system"}
[2026-02-04 21:35:59] SWAP_RESOLVER::SWAP_STATUS_IDENTIFIER_MISSING: Resolver event | {"participant":"zurubank","input":{"fromParticipant":"zurubank","from_type":"voucher","toParticipant":"saccussalis","to_type":"ewallet","token":null,"sender_phone":"+26770000000","recipient_phone":"+26770000000","amount":100,"voucher_number":"175043280","pin":"522401","recipient_account":null,"user_id":0}}
[2026-02-04 21:35:59] recordSwapLedger: Database error recording initial ledger entry. | {"sql_error":"SQLSTATE[42703]: Undefined column: 7 ERROR:  column \"from_participant\" of relation \"swap_ledgers\" does not exist\nLINE 2:             swap_reference, from_participant, to_participant...\n                                    ^","from":"zurubank","to":"saccussalis","amount":100,"ref":"swap_6983adafcebaf0.56786195"}
[2026-02-04 21:35:59] updateSwapLedgerStatus: Database error updating ledger status. | {"error":"SQLSTATE[22P02]: Invalid text representation: 7 ERROR:  invalid input value for enum swap_status: \"failed_step1_system\"\nCONTEXT:  unnamed portal parameter $1 = '...'","ref":"swap_6983adafcebaf0.56786195","status":"failed_step1_system"}
[2026-02-04 21:43:36] SWAP_RESOLVER::SWAP_STATUS_IDENTIFIER_MISSING: Resolver event | {"participant":"zurubank","input":{"fromParticipant":"zurubank","toParticipant":"saccussalis","amount":50,"voucher_number":"VCH123456","pin":"1234","recipient_phone":"26771234567","user_id":1,"token":"TEST_TOKEN"}}
[2026-02-04 21:43:36] executeSwap: Escrow Credit Amount calculated higher than Original Amount. | {"calculated":52.2000000000000028421709430404007434844970703125,"original":50}
[2026-02-04 21:43:36] recordSwapLedger: Database error recording initial ledger entry. | {"sql_error":"SQLSTATE[42703]: Undefined column: 7 ERROR:  column \"from_participant\" of relation \"swap_ledgers\" does not exist\nLINE 2:             swap_reference, from_participant, to_participant...\n                                    ^","from":"zurubank","to":"saccussalis","amount":50,"ref":"swap_6983af78f02530.90498680"}
[2026-02-04 21:43:36] updateSwapLedgerStatus: Database error updating ledger status. | {"error":"SQLSTATE[22P02]: Invalid text representation: 7 ERROR:  invalid input value for enum swap_status: \"failed_step1_system\"\nCONTEXT:  unnamed portal parameter $1 = '...'","ref":"swap_6983af78f02530.90498680","status":"failed_step1_system"}
[2026-02-04 22:51:06] recordSwapLedger: Database error recording initial ledger entry. | {"sql_error":"SQLSTATE[42703]: Undefined column: 7 ERROR:  column \"from_participant\" of relation \"swap_ledgers\" does not exist\nLINE 2:             swap_reference, from_participant, to_participant...\n                                    ^","from":"zurubank","to":"saccussalis","amount":100,"ref":"swap_6983bf4a561168.70747819"}
[2026-02-04 22:51:06] updateSwapLedgerStatus: Database error updating ledger status. | {"error":"SQLSTATE[22P02]: Invalid text representation: 7 ERROR:  invalid input value for enum swap_status: \"failed_step2\"\nCONTEXT:  unnamed portal parameter $1 = '...'","ref":"swap_6983bf4a561168.70747819","status":"failed_step2"}
[2026-02-04 22:51:06] updateSwapLedgerStatus: Database error updating ledger status. | {"error":"SQLSTATE[22P02]: Invalid text representation: 7 ERROR:  invalid input value for enum swap_status: \"reversed_success\"\nCONTEXT:  unnamed portal parameter $1 = '...'","ref":"swap_6983bf4a561168.70747819","status":"reversed_success"}
[2026-02-04 22:53:45] SWAP_RESOLVER::SWAP_STATUS_NOT_FOUND: Resolver event | {"participant":"zurubank","identifier":"175043280"}
[2026-02-04 22:53:45] recordSwapLedger: Database error recording initial ledger entry. | {"sql_error":"SQLSTATE[42703]: Undefined column: 7 ERROR:  column \"from_participant\" of relation \"swap_ledgers\" does not exist\nLINE 2:             swap_reference, from_participant, to_participant...\n                                    ^","from":"zurubank","to":"saccussalis","amount":100,"ref":"swap_6983bfe90d8412.93270433"}
[2026-02-04 22:53:45] updateSwapLedgerFees: Database error updating ledger fees. | {"error":"SQLSTATE[42703]: Undefined column: 7 ERROR:  column \"final_amount\" of relation \"swap_ledgers\" does not exist\nLINE 1: UPDATE swap_ledgers SET final_amount=$1, swap_fee=$2, creati...\n                                ^","ref":"swap_6983bfe90d8412.93270433"}
[2026-02-05 15:03:50] SWAP_RESOLVER::SWAP_STATUS_NOT_FOUND: Resolver event | {"participant":"zurubank","identifier":"175043280"}
[2026-02-05 15:03:50] recordSwapLedger: Database error recording initial ledger entry. | {"sql_error":"SQLSTATE[42703]: Undefined column: 7 ERROR:  column \"from_participant\" of relation \"swap_ledgers\" does not exist\nLINE 2:             swap_reference, from_participant, to_participant...\n                                    ^","from":"zurubank","to":"saccussalis","amount":100,"ref":"swap_6984a34649a088.76943193"}
[2026-02-05 15:03:50] updateSwapLedgerStatus: Database error updating ledger status. | {"error":"SQLSTATE[22P02]: Invalid text representation: 7 ERROR:  invalid input value for enum swap_status: \"failed_step1_api\"\nCONTEXT:  unnamed portal parameter $1 = '...'","ref":"swap_6984a34649a088.76943193","status":"failed_step1_api"}
[2026-02-05 15:06:28] SWAP_RESOLVER::SWAP_STATUS_NOT_FOUND: Resolver event | {"participant":"zurubank","identifier":"33608021"}
[2026-02-05 15:06:28] recordSwapLedger: Database error recording initial ledger entry. | {"sql_error":"SQLSTATE[42703]: Undefined column: 7 ERROR:  column \"from_participant\" of relation \"swap_ledgers\" does not exist\nLINE 2:             swap_reference, from_participant, to_participant...\n                                    ^","from":"zurubank","to":"saccussalis","amount":100,"ref":"swap_6984a3e4de1f68.06618748"}
[2026-02-05 15:06:28] updateSwapLedgerStatus: Database error updating ledger status. | {"error":"SQLSTATE[22P02]: Invalid text representation: 7 ERROR:  invalid input value for enum swap_status: \"failed_step1_api\"\nCONTEXT:  unnamed portal parameter $1 = '...'","ref":"swap_6984a3e4de1f68.06618748","status":"failed_step1_api"}
[2026-02-05 15:07:46] SWAP_RESOLVER::SWAP_STATUS_NOT_FOUND: Resolver event | {"participant":"zurubank","identifier":"336080211"}
[2026-02-05 15:07:46] recordSwapLedger: Database error recording initial ledger entry. | {"sql_error":"SQLSTATE[42703]: Undefined column: 7 ERROR:  column \"from_participant\" of relation \"swap_ledgers\" does not exist\nLINE 2:             swap_reference, from_participant, to_participant...\n                                    ^","from":"zurubank","to":"saccussalis","amount":100,"ref":"swap_6984a4322192c8.81123522"}
[2026-02-05 15:07:46] updateSwapLedgerFees: Database error updating ledger fees. | {"error":"SQLSTATE[42703]: Undefined column: 7 ERROR:  column \"final_amount\" of relation \"swap_ledgers\" does not exist\nLINE 1: UPDATE swap_ledgers SET final_amount=$1, swap_fee=$2, creati...\n                                ^","ref":"swap_6984a4322192c8.81123522"}
[2026-02-07 05:52:18] SWAP_RESOLVER::SWAP_STATUS_NOT_FOUND: Resolver event | {"participant":"zurubank","identifier":"VCH123456"}
[2026-02-07 05:52:18] executeSwap: Escrow Credit Amount calculated higher than Original Amount. | {"calculated":52.2000000000000028421709430404007434844970703125,"original":50}
[2026-02-07 05:52:18] recordSwapLedger: Database error recording initial ledger entry. | {"sql_error":"SQLSTATE[42703]: Undefined column: 7 ERROR:  column \"from_participant\" of relation \"swap_ledgers\" does not exist\nLINE 2:             swap_reference, from_participant, to_participant...\n                                    ^","from":"zurubank","to":"saccussalis","amount":50,"ref":"swap_6986c5021c84c6.33714121"}
[2026-02-07 05:52:18] updateSwapLedgerStatus: Database error updating ledger status. | {"error":"SQLSTATE[22P02]: Invalid text representation: 7 ERROR:  invalid input value for enum swap_status: \"failed_step1_api\"\nCONTEXT:  unnamed portal parameter $1 = '...'","ref":"swap_6986c5021c84c6.33714121","status":"failed_step1_api"}
[2026-02-07 17:37:47] SWAP_RESOLVER::SWAP_STATUS_NOT_FOUND: Resolver event | {"participant":"zurubank","identifier":"332261062"}
[2026-02-07 17:37:47] recordSwapLedger: Database error recording initial ledger entry. | {"sql_error":"SQLSTATE[42703]: Undefined column: 7 ERROR:  column \"from_participant\" of relation \"swap_ledgers\" does not exist\nLINE 2:             swap_reference, from_participant, to_participant...\n                                    ^","from":"zurubank","to":"saccussalis","amount":100,"ref":"swap_69876a5ba5d352.14333106"}
[2026-02-07 17:37:47] updateSwapLedgerFees: Database error updating ledger fees. | {"error":"SQLSTATE[42703]: Undefined column: 7 ERROR:  column \"final_amount\" of relation \"swap_ledgers\" does not exist\nLINE 1: UPDATE swap_ledgers SET final_amount=$1, swap_fee=$2, creati...\n                                ^","ref":"swap_69876a5ba5d352.14333106"}
[2026-02-07 22:17:30] recordSwapLedger: Database error recording initial ledger entry. | {"sql_error":"SQLSTATE[42703]: Undefined column: 7 ERROR:  column \"from_participant\" of relation \"swap_ledgers\" does not exist\nLINE 2:             swap_reference, from_participant, to_participant...\n                                    ^","from":"fnb","to":"btc","amount":100,"ref":"TEST_SWAP_1770499050"}
[2026-02-07 22:20:50] recordSwapLedger: Database error recording initial ledger entry. | {"sql_error":"SQLSTATE[42703]: Undefined column: 7 ERROR:  column \"from_participant\" of relation \"swap_ledgers\" does not exist\nLINE 2:             swap_reference, from_participant, to_participant...\n                                    ^","from":"fnb","to":"btc","amount":100,"ref":"TEST_SWAP_1770499250"}
[2026-02-07 22:22:48] recordSwapLedger: Database error recording initial ledger entry. | {"sql_error":"SQLSTATE[42703]: Undefined column: 7 ERROR:  column \"from_participant\" of relation \"swap_ledgers\" does not exist\nLINE 2:             swap_reference, from_participant, to_participant...\n                                    ^","from":"saccussalis","to":"zurubank","amount":100,"ref":"TEST_SWAP_1770499368"}
[2026-02-07 22:22:51] recordSwapLedger: Database error recording initial ledger entry. | {"sql_error":"SQLSTATE[42703]: Undefined column: 7 ERROR:  column \"from_participant\" of relation \"swap_ledgers\" does not exist\nLINE 2:             swap_reference, from_participant, to_participant...\n                                    ^","from":"saccussalis","to":"zurubank","amount":100,"ref":"TEST_SWAP_1770499371"}
[2026-02-07 22:30:49] SWAP_RESOLVER::SWAP_STATUS_NOT_FOUND: Resolver event | {"participant":"zurubank","identifier":"731011909"}
[2026-02-07 22:30:49] updateSwapLedgerFees: Database error updating ledger fees. | {"error":"SQLSTATE[42703]: Undefined column: 7 ERROR:  column \"final_amount\" of relation \"swap_ledgers\" does not exist\nLINE 1: UPDATE swap_ledgers SET final_amount=$1, swap_fee=$2, creati...\n                                ^","ref":"swap_6987af097dd8e8.76145687"}
[2026-02-09 08:18:04] SWAP_RESOLVER::SWAP_STATUS_NOT_FOUND: Resolver event | {"participant":"zurubank","identifier":"699736955"}
[2026-02-09 08:18:05] updateSwapLedgerFees: Database error updating ledger fees. | {"error":"SQLSTATE[42703]: Undefined column: 7 ERROR:  column \"final_amount\" of relation \"swap_ledgers\" does not exist\nLINE 1: UPDATE swap_ledgers SET final_amount=$1, swap_fee=$2, creati...\n                                ^","ref":"swap_69898a2cd02a69.72340128"}
[2026-02-09 08:24:39] SWAP_RESOLVER::SWAP_STATUS_NOT_FOUND: Resolver event | {"participant":"saccussalis","identifier":"835864"}
[2026-02-09 08:24:39] updateSwapLedgerStatus: Database error updating ledger status. | {"error":"SQLSTATE[22P02]: Invalid text representation: 7 ERROR:  invalid input value for enum swap_status: \"failed_step1_api\"\nCONTEXT:  unnamed portal parameter $1 = '...'","ref":"swap_69898bb71c7420.34627853","status":"failed_step1_api"}
[2026-02-09 08:25:31] SWAP_RESOLVER::SWAP_STATUS_NOT_FOUND: Resolver event | {"participant":"saccussalis","identifier":"835864"}
[2026-02-09 08:25:31] updateSwapLedgerStatus: Database error updating ledger status. | {"error":"SQLSTATE[22P02]: Invalid text representation: 7 ERROR:  invalid input value for enum swap_status: \"failed_step1_api\"\nCONTEXT:  unnamed portal parameter $1 = '...'","ref":"swap_69898beb009ee6.62501847","status":"failed_step1_api"}
[2026-02-09 08:25:57] SWAP_RESOLVER::SWAP_STATUS_NOT_FOUND: Resolver event | {"participant":"saccussalis","identifier":"835864"}
[2026-02-09 08:25:57] updateSwapLedgerStatus: Database error updating ledger status. | {"error":"SQLSTATE[22P02]: Invalid text representation: 7 ERROR:  invalid input value for enum swap_status: \"failed_step1_api\"\nCONTEXT:  unnamed portal parameter $1 = '...'","ref":"swap_69898c053dd4f0.16189644","status":"failed_step1_api"}
[2026-02-09 08:27:04] SWAP_RESOLVER::SWAP_STATUS_NOT_FOUND: Resolver event | {"participant":"saccussalis","identifier":"835864"}
[2026-02-09 08:27:04] updateSwapLedgerFees: Database error updating ledger fees. | {"error":"SQLSTATE[42703]: Undefined column: 7 ERROR:  column \"final_amount\" of relation \"swap_ledgers\" does not exist\nLINE 1: UPDATE swap_ledgers SET final_amount=$1, swap_fee=$2, creati...\n                                ^","ref":"swap_69898c481bc5d6.27931247"}
[2026-02-09 08:38:41] SWAP_RESOLVER::SWAP_STATUS_NOT_FOUND: Resolver event | {"participant":"zurubank","identifier":"986081459"}
[2026-02-09 08:38:42] updateSwapLedgerFees: Database error updating ledger fees. | {"error":"SQLSTATE[42703]: Undefined column: 7 ERROR:  column \"final_amount\" of relation \"swap_ledgers\" does not exist\nLINE 1: UPDATE swap_ledgers SET final_amount=$1, swap_fee=$2, creati...\n                                ^","ref":"swap_69898f01c85048.24469136"}
[2026-02-09 11:32:45] SWAP_RESOLVER::SWAP_STATUS_NOT_FOUND: Resolver event | {"participant":"zurubank","identifier":"311700170"}
[2026-02-09 11:32:45] updateSwapLedgerFees: Database error updating ledger fees. | {"error":"SQLSTATE[42703]: Undefined column: 7 ERROR:  column \"final_amount\" of relation \"swap_ledgers\" does not exist\nLINE 1: UPDATE swap_ledgers SET final_amount=$1, swap_fee=$2, creati...\n                                ^","ref":"swap_6989b7cd2fbde1.19384008"}
[2026-02-09 14:52:34] SWAP_RESOLVER::SWAP_STATUS_NOT_FOUND: Resolver event | {"participant":"zurubank","identifier":"493387424"}
[2026-02-09 14:52:34] updateSwapLedgerFees: Database error updating ledger fees. | {"error":"SQLSTATE[42703]: Undefined column: 7 ERROR:  column \"final_amount\" of relation \"swap_ledgers\" does not exist\nLINE 1: UPDATE swap_ledgers SET final_amount=$1, swap_fee=$2, creati...\n                                ^","ref":"swap_6989e6a251a3a7.31050074"}
[2026-02-12 10:55:18] SWAP_RESOLVER::SWAP_STATUS_DB_ERROR: Resolver event | {"participant":"zurubank","error":"SQLSTATE[42703]: Undefined column: 7 ERROR:  column \"swap_enabled\" does not exist\nLINE 1: SELECT swap_enabled FROM instant_money_vouchers WHERE vouche...\n               ^"}
[2026-02-12 10:55:18] updateSwapLedgerStatus: Database error updating ledger status. | {"error":"SQLSTATE[22P02]: Invalid text representation: 7 ERROR:  invalid input value for enum swap_status: \"failed_step1_api\"\nCONTEXT:  unnamed portal parameter $1 = '...'","ref":"swap_698da3868534b4.99459166","status":"failed_step1_api"}
[2026-02-12 11:48:27] SWAP_RESOLVER::SWAP_STATUS_DB_ERROR: Resolver event | {"participant":"zurubank","error":"SQLSTATE[42703]: Undefined column: 7 ERROR:  column \"swap_enabled\" does not exist\nLINE 1: SELECT swap_enabled FROM instant_money_vouchers WHERE vouche...\n               ^"}
[2026-02-12 11:48:27] updateSwapLedgerStatus: Database error updating ledger status. | {"error":"SQLSTATE[22P02]: Invalid text representation: 7 ERROR:  invalid input value for enum swap_status: \"failed_step1_missing_reference\"\nCONTEXT:  unnamed portal parameter $1 = '...'","ref":"swap_698daffb0e6650.23589242","status":"failed_step1_missing_reference"}
[2026-02-12 11:51:33] SWAP_RESOLVER::SWAP_STATUS_DB_ERROR: Resolver event | {"participant":"zurubank","error":"SQLSTATE[42703]: Undefined column: 7 ERROR:  column \"swap_enabled\" does not exist\nLINE 1: SELECT swap_enabled FROM instant_money_vouchers WHERE vouche...\n               ^"}
[2026-02-12 11:51:33] updateSwapLedgerStatus: Database error updating ledger status. | {"error":"SQLSTATE[22P02]: Invalid text representation: 7 ERROR:  invalid input value for enum swap_status: \"failed_step1_api\"\nCONTEXT:  unnamed portal parameter $1 = '...'","ref":"swap_698db0b51d9d19.63854299","status":"failed_step1_api"}
[2026-02-12 12:01:11] SWAP_RESOLVER::SWAP_STATUS_DB_ERROR: Resolver event | {"participant":"zurubank","error":"SQLSTATE[42703]: Undefined column: 7 ERROR:  column \"swap_enabled\" does not exist\nLINE 1: SELECT swap_enabled FROM instant_money_vouchers WHERE vouche...\n               ^"}
[2026-02-12 12:01:11] updateSwapLedgerStatus: Database error updating ledger status. | {"error":"SQLSTATE[22P02]: Invalid text representation: 7 ERROR:  invalid input value for enum swap_status: \"failed_step2\"\nCONTEXT:  unnamed portal parameter $1 = '...'","ref":"swap_698db2f73d15b3.87094150","status":"failed_step2"}
[2026-02-12 12:01:11] updateSwapLedgerStatus: Database error updating ledger status. | {"error":"SQLSTATE[22P02]: Invalid text representation: 7 ERROR:  invalid input value for enum swap_status: \"reversed_success\"\nCONTEXT:  unnamed portal parameter $1 = '...'","ref":"swap_698db2f73d15b3.87094150","status":"reversed_success"}
[2026-02-12 16:08:41] SWAP_RESOLVER::SWAP_STATUS_DB_ERROR: Resolver event | {"participant":"zurubank","error":"SQLSTATE[42703]: Undefined column: 7 ERROR:  column \"swap_enabled\" does not exist\nLINE 1: SELECT swap_enabled FROM instant_money_vouchers WHERE vouche...\n               ^"}
[2026-02-12 16:08:41] updateSwapLedgerStatus: Database error updating ledger status. | {"error":"SQLSTATE[22P02]: Invalid text representation: 7 ERROR:  invalid input value for enum swap_status: \"failed_step2\"\nCONTEXT:  unnamed portal parameter $1 = '...'","ref":"swap_698decf98bba47.77289464","status":"failed_step2"}
[2026-02-12 16:08:41] updateSwapLedgerStatus: Database error updating ledger status. | {"error":"SQLSTATE[22P02]: Invalid text representation: 7 ERROR:  invalid input value for enum swap_status: \"reversed_success\"\nCONTEXT:  unnamed portal parameter $1 = '...'","ref":"swap_698decf98bba47.77289464","status":"reversed_success"}
[2026-02-12 16:20:49] SWAP_RESOLVER::SWAP_STATUS_DB_ERROR: Resolver event | {"participant":"zurubank","error":"SQLSTATE[42703]: Undefined column: 7 ERROR:  column \"swap_enabled\" does not exist\nLINE 1: SELECT swap_enabled FROM instant_money_vouchers WHERE vouche...\n               ^"}
[2026-02-12 16:20:49] updateSwapLedgerStatus: Database error updating ledger status. | {"error":"SQLSTATE[22P02]: Invalid text representation: 7 ERROR:  invalid input value for enum swap_status: \"failed_step1_api\"\nCONTEXT:  unnamed portal parameter $1 = '...'","ref":"swap_698defd11146b1.72117073","status":"failed_step1_api"}
[2026-02-12 16:21:45] SWAP_RESOLVER::SWAP_STATUS_DB_ERROR: Resolver event | {"participant":"zurubank","error":"SQLSTATE[42703]: Undefined column: 7 ERROR:  column \"swap_enabled\" does not exist\nLINE 1: SELECT swap_enabled FROM instant_money_vouchers WHERE vouche...\n               ^"}
[2026-02-12 16:21:45] updateSwapLedgerStatus: Database error updating ledger status. | {"error":"SQLSTATE[22P02]: Invalid text representation: 7 ERROR:  invalid input value for enum swap_status: \"failed_step2\"\nCONTEXT:  unnamed portal parameter $1 = '...'","ref":"swap_698df0090dad80.31105636","status":"failed_step2"}
[2026-02-12 16:21:45] updateSwapLedgerStatus: Database error updating ledger status. | {"error":"SQLSTATE[22P02]: Invalid text representation: 7 ERROR:  invalid input value for enum swap_status: \"reversed_success\"\nCONTEXT:  unnamed portal parameter $1 = '...'","ref":"swap_698df0090dad80.31105636","status":"reversed_success"}
[2026-02-12 16:24:38] SWAP_RESOLVER::SWAP_STATUS_DB_ERROR: Resolver event | {"participant":"zurubank","error":"SQLSTATE[42703]: Undefined column: 7 ERROR:  column \"swap_enabled\" does not exist\nLINE 1: SELECT swap_enabled FROM instant_money_vouchers WHERE vouche...\n               ^"}
[2026-02-12 16:24:38] updateSwapLedgerStatus: Database error updating ledger status. | {"error":"SQLSTATE[22P02]: Invalid text representation: 7 ERROR:  invalid input value for enum swap_status: \"failed_step2\"\nCONTEXT:  unnamed portal parameter $1 = '...'","ref":"swap_698df0b6d53b21.55174940","status":"failed_step2"}
[2026-02-12 16:24:38] updateSwapLedgerStatus: Database error updating ledger status. | {"error":"SQLSTATE[22P02]: Invalid text representation: 7 ERROR:  invalid input value for enum swap_status: \"reversed_success\"\nCONTEXT:  unnamed portal parameter $1 = '...'","ref":"swap_698df0b6d53b21.55174940","status":"reversed_success"}
[2026-02-12 16:27:13] SWAP_RESOLVER::SWAP_STATUS_DB_ERROR: Resolver event | {"participant":"zurubank","error":"SQLSTATE[42703]: Undefined column: 7 ERROR:  column \"swap_enabled\" does not exist\nLINE 1: SELECT swap_enabled FROM instant_money_vouchers WHERE vouche...\n               ^"}
[2026-02-12 16:27:13] updateSwapLedgerFees: Database error updating ledger fees. | {"error":"SQLSTATE[42703]: Undefined column: 7 ERROR:  column \"final_amount\" of relation \"swap_ledgers\" does not exist\nLINE 1: UPDATE swap_ledgers SET final_amount=$1, swap_fee=$2, creati...\n                                ^","ref":"swap_698df1515921b5.61298831"}
