{"timestamp":"2026-02-13T17:40:01+01:00","msg_id":"6f13b4402fff48e3b3500a941274408e","phase":"INITIATED","details":{"end_to_end_id":"f6b272bdd2b01571a8e1affe","debtor":"ALPHA","creditor":"BRAVO","sat_purchased":false}}
{"timestamp":"2026-02-13T17:58:39+01:00","msg_id":"5597fdcf12b153f985a4e809c30e6a0f","phase":"INITIATED","details":{"end_to_end_id":"bcc0029cb79cca9ef7d6df2c","debtor":"ALPHA","creditor":"BRAVO","sat_purchased":false}}
{"timestamp":"2026-02-13T17:58:39+01:00","msg_id":"5597fdcf12b153f985a4e809c30e6a0f","phase":"FAILURE","details":{"status":"failed_settlement_recording","msg":"SQLSTATE[42501]: Insufficient privilege: 7 ERROR:  permission denied for sequence settlement_ledger_id_seq"}}
{"timestamp":"2026-02-13T17:59:40+01:00","msg_id":"e500c629a4b36eace24e9c9fbfda27c7","phase":"INITIATED","details":{"end_to_end_id":"eab2536c701a1a7c510b0f35","debtor":"ALPHA","creditor":"BRAVO","sat_purchased":false}}
{"timestamp":"2026-02-13T17:59:40+01:00","msg_id":"e500c629a4b36eace24e9c9fbfda27c7","phase":"FAILURE","details":{"status":"failed_settlement_recording","msg":"SQLSTATE[42501]: Insufficient privilege: 7 ERROR:  permission denied for sequence settlement_ledger_id_seq"}}
{"timestamp":"2026-02-13T18:00:09+01:00","msg_id":"b9c34b611abc03118340316ca5d924a0","phase":"INITIATED","details":{"end_to_end_id":"02f973d33892db7dda4cd938","debtor":"ALPHA","creditor":"BRAVO","sat_purchased":false}}
{"timestamp":"2026-02-13T18:03:17+01:00","msg_id":"703d11c37a0b203563e684890c1d7af4","phase":"INITIATED","details":{"end_to_end_id":"05710aed2b3a4a3d12858301","debtor":"ALPHA","creditor":"BRAVO","sat_purchased":false}}
{"timestamp":"2026-02-13T18:03:17+01:00","msg_id":"703d11c37a0b203563e684890c1d7af4","phase":"FAILURE","details":{"status":"failed_settlement_recording","msg":"SQLSTATE[42501]: Insufficient privilege: 7 ERROR:  permission denied for sequence settlement_ledger_id_seq"}}
{"timestamp":"2026-02-13T18:09:06+01:00","msg_id":"135a8263aff5b1a9bc67f394fb57d251","phase":"AML_BLOCK","details":{"reason":"UNKNOWN_PARTICIPANT","entities":["ALPHA","BRAVO"]}}
{"timestamp":"2026-02-13T19:23:07+01:00","msg_id":"71c07c3277feb4cd9d5d1c23b7850a38","phase":"INITIATED","details":{"end_to_end_id":"b713fba1c9440de74a85efd2","debtor":"ALPHA","creditor":"BRAVO","sat_purchased":false}}
{"timestamp":"2026-02-13T19:49:18+01:00","msg_id":"696704266f9c10d6051739216776e2f2","phase":"AML_BLOCK","details":{"reason":"UNKNOWN_PARTICIPANT","entities":["ALPHA","BRAVO"]}}
{"timestamp":"2026-02-13T19:53:13+01:00","msg_id":"SANCTION-TEST-1771008793","phase":"AML_BLOCK","details":{"reason":"SANCTIONS_TEST_BLOCKED","entities":["ALPHA","BRAVO"]}}
{"timestamp":"2026-02-13T19:53:36+01:00","msg_id":"3c313f4b79a4f37630f312fb77b7070b","phase":"AML_BLOCK","details":{"reason":"UNKNOWN_PARTICIPANT","entities":["ALPHA","BRAVO"]}}
{"timestamp":"2026-02-13T19:58:36+01:00","msg_id":"06570f7b3dae18eb51c2da017bb7dba3","phase":"AML_BLOCK","details":{"reason":"SANCTIONED_ENTITY_TEST"}}
{"timestamp":"2026-02-13T20:14:19+01:00","msg_id":"605c10c72ae4d5e786cff0eb34d9556d","phase":"AML_BLOCK","details":{"reason":"SANCTIONED_ENTITY_TEST"}}
{"timestamp":"2026-02-13T20:15:30+01:00","msg_id":"fdb9698e61a6937a8e8b7cf097d558fc","phase":"AML_BLOCK","details":{"reason":"SANCTIONED_ENTITY_TEST"}}
{"timestamp":"2026-02-13T20:18:41+01:00","msg_id":"5467cee88d2a8c4e76a7b2075f2f3d03","phase":"AML_BLOCK","details":{"reason":"SANCTIONED_ENTITY_TEST"}}
{"timestamp":"2026-02-13T20:19:42+01:00","msg_id":"f162b3134acb62fd5380fec3c9d7deea","phase":"AML_BLOCK","details":{"reason":"SANCTIONED_ENTITY_TEST"}}
{"timestamp":"2026-02-13T20:22:51+01:00","msg_id":"ca829a468a08df411cd02c1e055a7e8c","phase":"AML_BLOCK","details":{"reason":"SANCTIONED_ENTITY_TEST"}}
{"timestamp":"2026-02-13T20:23:55+01:00","msg_id":"9d5b755321a33ce48244f27a008950cc","phase":"AML_BLOCK","details":{"reason":"SANCTIONED_ENTITY_TEST"}}
{"timestamp":"2026-02-13T20:24:56+01:00","msg_id":"7c70a9bc055b30669fe27efeb1405015","phase":"AML_BLOCK","details":{"reason":"SANCTIONED_ENTITY_TEST"}}
{"timestamp":"2026-02-13T20:27:26+01:00","msg_id":"a387ab725ba5ae217f22238108b7b7f5","phase":"AML_BLOCK","details":{"reason":"SANCTIONED_ENTITY_TEST"}}
{"timestamp":"2026-02-13T20:27:28+01:00","msg_id":"2883671d0013e0ccf280139699353dd3","phase":"AML_BLOCK","details":{"reason":"SANCTIONED_ENTITY_TEST"}}
{"timestamp":"2026-02-13T20:28:00+01:00","msg_id":"f8693d6f37149c3f46e692ef704bf7a1","phase":"AML_BLOCK","details":{"reason":"SANCTIONED_ENTITY_TEST"}}
{"timestamp":"2026-02-13T20:28:02+01:00","msg_id":"45e0bbe773385fd010cc73314b16f74c","phase":"AML_BLOCK","details":{"reason":"SANCTIONED_ENTITY_TEST"}}
{"timestamp":"2026-02-13T20:28:33+01:00","msg_id":"7fe5b7644be42cce8f4c7b0cc6a459b6","phase":"AML_BLOCK","details":{"reason":"SANCTIONED_ENTITY_TEST"}}
{"timestamp":"2026-02-13T20:28:36+01:00","msg_id":"1bb17426808c090f1500ad76715fe26e","phase":"AML_BLOCK","details":{"reason":"SANCTIONED_ENTITY_TEST"}}
{"timestamp":"2026-02-13T20:33:27+01:00","msg_id":"9166dfbdf0e24ea4f06b7efc0c04769d","phase":"AML_BLOCK","details":{"reason":"SANCTIONED_ENTITY_TEST"}}
{"timestamp":"2026-02-13T20:39:45+01:00","msg_id":"b72f3d2071818e6b324480c0ad2cd131","phase":"AML_BLOCK","details":{"reason":"SANCTIONED_ENTITY_TEST"}}
{"timestamp":"2026-02-13T20:39:48+01:00","msg_id":"d04d64e34c7676ec91eca5b6b7c734e7","phase":"AML_BLOCK","details":{"reason":"SANCTIONED_ENTITY_TEST"}}
{"timestamp":"2026-02-13T20:47:09+01:00","msg_id":"023fe5908445756c49323be89294ac6c","phase":"AML_BLOCK","details":{"reason":"SANCTIONED_ENTITY_TEST"}}
{"timestamp":"2026-02-13T20:47:10+01:00","msg_id":"79415c4679ac66e15955f615875c60b6","phase":"AML_BLOCK","details":{"reason":"SANCTIONED_ENTITY_TEST"}}
{"timestamp":"2026-02-13T20:49:31+01:00","msg_id":"0a45e24188836791d4a9f002e5616953","phase":"AML_BLOCK","details":{"reason":"SANCTIONED_ENTITY_TEST"}}
{"timestamp":"2026-02-13T20:52:54+01:00","msg_id":"f1ab31b31cbac0b3e844035b4f6a9e40","phase":"AML_BLOCK","details":{"reason":"SANCTIONED_ENTITY_TEST"}}
{"timestamp":"2026-02-13T20:55:54+01:00","msg_id":"6042839e539329c5965de4484b347e79","phase":"AML_BLOCK","details":{"reason":"SANCTIONED_ENTITY_TEST"}}
{"timestamp":"2026-02-13T21:00:41+01:00","msg_id":"b1a9c179aa41cd4d58d47b02be8c6e92","phase":"AML_BLOCK","details":{"reason":"SANCTIONED_ENTITY_TEST"}}
{"timestamp":"2026-02-13T21:03:02+01:00","msg_id":"555c2c1cd4f51da37dabc88dc5b4d774","phase":"AML_BLOCK","details":{"reason":"SANCTIONED_ENTITY_TEST"}}
{"timestamp":"2026-02-13T21:06:12+01:00","msg_id":"625937fc436d6af9385597f05176cb65","phase":"AML_BLOCK","details":{"reason":"SANCTIONED_ENTITY_TEST"}}
{"timestamp":"2026-02-13T21:11:58+01:00","msg_id":"6ced3d2962dda898ad13494d527ac364","phase":"AML_BLOCK","details":{"reason":"SANCTIONED_ENTITY_TEST"}}
{"timestamp":"2026-02-13T21:12:37+01:00","msg_id":"46cc9722b4057d015d69214cd0022f15","phase":"AML_BLOCK","details":{"reason":"SANCTIONED_ENTITY_TEST"}}
{"timestamp":"2026-02-13T21:16:27+01:00","msg_id":"TEST-SWAP-1771013787","phase":"FAILURE","details":{"status":"failed_execution","msg":"SQLSTATE[42501]: Insufficient privilege: 7 ERROR:  permission denied for sequence settlement_ledger_id_seq"}}
{"timestamp":"2026-02-13T21:19:55+01:00","msg_id":"3399ead797bb514dc1960f7b4284f9f5","phase":"AML_BLOCK","details":{"reason":"SANCTIONED_ENTITY_TEST"}}
{"timestamp":"2026-02-13T21:23:34+01:00","msg_id":"60063693b51883f1ba57a5264abc8fa5","phase":"AML_BLOCK","details":{"reason":"SANCTIONED_ENTITY_TEST"}}
{"timestamp":"2026-02-13T21:27:01+01:00","msg_id":"3feb92558c876b4a99066749ea00bd12","phase":"AML_BLOCK","details":{"reason":"SANCTIONED_ENTITY_TEST"}}
{"timestamp":"2026-02-13T21:32:08+01:00","msg_id":"01e82caabd94eacd65f5393420bc5179","phase":"AML_BLOCK","details":{"reason":"SANCTIONED_ENTITY_TEST"}}
{"timestamp":"2026-02-13T21:38:04+01:00","msg_id":"cb264a4b3cf411696f78cfdece7b5464","phase":"AML_BLOCK","details":{"reason":"SANCTIONED_ENTITY_TEST"}}
{"timestamp":"2026-02-13T21:40:08+01:00","msg_id":"aa3321083fd25bae67e0e2dbbe93c25e","phase":"AML_BLOCK","details":{"reason":"SANCTIONED_ENTITY_TEST"}}
{"timestamp":"2026-02-13T21:43:32+01:00","msg_id":"51a5e687daebdb76c72cfc172af4beec","phase":"AML_BLOCK","details":{"reason":"SANCTIONED_ENTITY_TEST"}}
{"timestamp":"2026-02-15T07:23:30+01:00","msg_id":"9078bbf555a27c7eb43b884ba8e1357a","phase":"AML_BLOCK","details":{"reason":"SANCTIONED_ENTITY_TEST"}}
{"timestamp":"2026-02-15T07:57:24+01:00","msg_id":"49a4a43cede3ce96c89065671e9b7153","phase":"AML_BLOCK","details":{"reason":"SANCTIONED_ENTITY_TEST"}}
{"timestamp":"2026-02-15T07:59:29+01:00","msg_id":"d917428184a65d88ec82298d5d0ebc49","phase":"AML_BLOCK","details":{"reason":"SANCTIONED_ENTITY_TEST"}}
{"timestamp":"2026-02-15T08:06:36+01:00","msg_id":"45e19e33630f88512333f8dfbf6ca3a3","phase":"LIQUIDITY_CHECK","details":{"institution":"ALPHA","required":100,"available":200000,"float":100000,"settlement":100000}}
{"timestamp":"2026-02-15T08:06:36+01:00","msg_id":"45e19e33630f88512333f8dfbf6ca3a3","phase":"LIQUIDITY_OK","details":{"institution":"ALPHA","available":200000}}
{"timestamp":"2026-02-15T08:08:35+01:00","msg_id":"b0d24aa2341b5469f3557237b8b05479","phase":"LIQUIDITY_CHECK","details":{"institution":"ALPHA","required":100,"available":200000,"float":100000,"settlement":100000}}
{"timestamp":"2026-02-15T08:08:35+01:00","msg_id":"b0d24aa2341b5469f3557237b8b05479","phase":"LIQUIDITY_OK","details":{"institution":"ALPHA","available":200000}}
{"timestamp":"2026-02-15T08:09:55+01:00","msg_id":"38adc9d80e583a5972b60116b783fcca","phase":"LIQUIDITY_CHECK","details":{"institution":"ALPHA","required":100,"available":200000,"float":100000,"settlement":100000}}
{"timestamp":"2026-02-15T08:09:55+01:00","msg_id":"38adc9d80e583a5972b60116b783fcca","phase":"LIQUIDITY_OK","details":{"institution":"ALPHA","available":200000}}
{"timestamp":"2026-02-15T08:09:55+01:00","msg_id":"38adc9d80e583a5972b60116b783fcca","phase":"FAILURE","details":{"status":"failed_execution","msg":"SQLSTATE[23502]: Not null violation: 7 ERROR:  null value in column \"integrity_hash\" of relation \"regulator_outbox\" violates not-null constraint\nDETAIL:  Failing row contains (2, a98d495d-b204-4386-a7f7-383a677ddee9, {\"amount\": 100, \"currency\": \"BWP\", \"timestamp\": \"2026-02-15T08:0..., null, null, 0, null, 2026-02-15 09:09:55.321475)."}}
{"timestamp":"2026-02-15T08:09:55+01:00","msg_id":"de7299e0776e03bc7dc8c1e28053c7c0","phase":"LIQUIDITY_CHECK","details":{"institution":"ALPHA","required":100,"available":200000,"float":100000,"settlement":100000}}
{"timestamp":"2026-02-15T08:09:55+01:00","msg_id":"de7299e0776e03bc7dc8c1e28053c7c0","phase":"LIQUIDITY_OK","details":{"institution":"ALPHA","available":200000}}
{"timestamp":"2026-02-15T08:09:55+01:00","msg_id":"de7299e0776e03bc7dc8c1e28053c7c0","phase":"FAILURE","details":{"status":"failed_execution","msg":"SQLSTATE[23502]: Not null violation: 7 ERROR:  null value in column \"integrity_hash\" of relation \"regulator_outbox\" violates not-null constraint\nDETAIL:  Failing row contains (3, 9d192e04-8a6e-49ff-998e-3c0f2b05f6a4, {\"amount\": 100, \"currency\": \"BWP\", \"timestamp\": \"2026-02-15T08:0..., null, null, 0, null, 2026-02-15 09:09:55.341794)."}}
{"timestamp":"2026-02-15T08:09:55+01:00","msg_id":"b18282ae259572588ac4afd6ce587a28","phase":"LIQUIDITY_CHECK","details":{"institution":"BRAVO","required":100,"available":200000,"float":100000,"settlement":100000}}
{"timestamp":"2026-02-15T08:09:55+01:00","msg_id":"b18282ae259572588ac4afd6ce587a28","phase":"LIQUIDITY_OK","details":{"institution":"BRAVO","available":200000}}
{"timestamp":"2026-02-15T08:09:55+01:00","msg_id":"b18282ae259572588ac4afd6ce587a28","phase":"FAILURE","details":{"status":"failed_execution","msg":"SQLSTATE[23502]: Not null violation: 7 ERROR:  null value in column \"integrity_hash\" of relation \"regulator_outbox\" violates not-null constraint\nDETAIL:  Failing row contains (4, 4d8e8408-0a1e-492e-8ba1-0fd918c2c73c, {\"amount\": 100, \"currency\": \"BWP\", \"timestamp\": \"2026-02-15T08:0..., null, null, 0, null, 2026-02-15 09:09:55.361672)."}}
{"timestamp":"2026-02-15T08:09:55+01:00","msg_id":"1137d5c204c071f8eb61df25536190bb","phase":"AML_BLOCK","details":{"reason":"PARTICIPANT_NOT_IN_CONFIG","from":"ALPHA","to":"CHARLIE"}}
{"timestamp":"2026-02-15T08:09:55+01:00","msg_id":"aec97c5bd367daae55003fd399f63733","phase":"AML_BLOCK","details":{"reason":"PARTICIPANT_NOT_IN_CONFIG","from":"CHARLIE","to":"ALPHA"}}
{"timestamp":"2026-02-15T08:09:55+01:00","msg_id":"6a859c6fd9d32a617d431b73a95de77b","phase":"AML_BLOCK","details":{"reason":"SANCTIONED_ENTITY_TEST"}}
{"timestamp":"2026-02-15T08:09:55+01:00","msg_id":"4be7f3af9ba0c72ea730b9ca64d73ac6","phase":"LIQUIDITY_CHECK","details":{"institution":"ALPHA","required":999999999,"available":200000,"float":100000,"settlement":100000}}
{"timestamp":"2026-02-15T08:09:55+01:00","msg_id":"4be7f3af9ba0c72ea730b9ca64d73ac6","phase":"LIQUIDITY_BLOCK","details":{"institution":"ALPHA","required":999999999,"available":200000}}
{"timestamp":"2026-02-15T08:09:55+01:00","msg_id":"IDEMP-6991714359643","phase":"LIQUIDITY_CHECK","details":{"institution":"ALPHA","required":50,"available":200000,"float":100000,"settlement":100000}}
{"timestamp":"2026-02-15T08:09:55+01:00","msg_id":"IDEMP-6991714359643","phase":"LIQUIDITY_OK","details":{"institution":"ALPHA","available":200000}}
{"timestamp":"2026-02-15T08:09:55+01:00","msg_id":"IDEMP-6991714359643","phase":"FAILURE","details":{"status":"failed_execution","msg":"SQLSTATE[23502]: Not null violation: 7 ERROR:  null value in column \"integrity_hash\" of relation \"regulator_outbox\" violates not-null constraint\nDETAIL:  Failing row contains (5, 5084e401-07d6-48da-b674-5ed37eede1a2, {\"amount\": 50, \"currency\": \"BWP\", \"timestamp\": \"2026-02-15T08:09..., null, null, 0, null, 2026-02-15 09:09:55.38535)."}}
{"timestamp":"2026-02-15T08:09:55+01:00","msg_id":"IDEMP-6991714359643","phase":"LIQUIDITY_CHECK","details":{"institution":"ALPHA","required":50,"available":200000,"float":100000,"settlement":100000}}
{"timestamp":"2026-02-15T08:09:55+01:00","msg_id":"IDEMP-6991714359643","phase":"LIQUIDITY_OK","details":{"institution":"ALPHA","available":200000}}
{"timestamp":"2026-02-15T08:09:55+01:00","msg_id":"IDEMP-6991714359643","phase":"FAILURE","details":{"status":"failed_execution","msg":"SQLSTATE[23502]: Not null violation: 7 ERROR:  null value in column \"integrity_hash\" of relation \"regulator_outbox\" violates not-null constraint\nDETAIL:  Failing row contains (6, ae784621-e02f-43a9-bfc5-630ae6c6a87e, {\"amount\": 50, \"currency\": \"BWP\", \"timestamp\": \"2026-02-15T08:09..., null, null, 0, null, 2026-02-15 09:09:55.39656)."}}
{"timestamp":"2026-02-15T08:11:33+01:00","msg_id":"de2a221c181a784b4fc37f4f225c298b","phase":"LIQUIDITY_CHECK","details":{"institution":"ALPHA","required":100,"available":200000,"float":100000,"settlement":100000}}
{"timestamp":"2026-02-15T08:11:33+01:00","msg_id":"de2a221c181a784b4fc37f4f225c298b","phase":"LIQUIDITY_OK","details":{"institution":"ALPHA","available":200000}}
{"timestamp":"2026-02-15T08:11:33+01:00","msg_id":"de2a221c181a784b4fc37f4f225c298b","phase":"FAILURE","details":{"status":"failed_execution","msg":"SQLSTATE[23502]: Not null violation: 7 ERROR:  null value in column \"integrity_hash\" of relation \"regulator_outbox\" violates not-null constraint\nDETAIL:  Failing row contains (7, c51e3379-8b11-4947-8595-2c69d6ff448f, {\"amount\": 100, \"currency\": \"BWP\", \"timestamp\": \"2026-02-15T08:1..., null, null, 0, null, 2026-02-15 09:11:33.630215)."}}
{"timestamp":"2026-02-15T08:11:33+01:00","msg_id":"60cbe140c763d474ef802aa3d0188851","phase":"LIQUIDITY_CHECK","details":{"institution":"ALPHA","required":100,"available":200000,"float":100000,"settlement":100000}}
{"timestamp":"2026-02-15T08:11:33+01:00","msg_id":"60cbe140c763d474ef802aa3d0188851","phase":"LIQUIDITY_OK","details":{"institution":"ALPHA","available":200000}}
{"timestamp":"2026-02-15T08:11:33+01:00","msg_id":"60cbe140c763d474ef802aa3d0188851","phase":"FAILURE","details":{"status":"failed_execution","msg":"SQLSTATE[23502]: Not null violation: 7 ERROR:  null value in column \"integrity_hash\" of relation \"regulator_outbox\" violates not-null constraint\nDETAIL:  Failing row contains (8, ec771aac-5e66-4909-8a15-4527e1d9a3a0, {\"amount\": 100, \"currency\": \"BWP\", \"timestamp\": \"2026-02-15T08:1..., null, null, 0, null, 2026-02-15 09:11:33.643864)."}}
{"timestamp":"2026-02-15T08:11:33+01:00","msg_id":"25d3162d75ca2d25d450afc268821163","phase":"LIQUIDITY_CHECK","details":{"institution":"BRAVO","required":100,"available":200000,"float":100000,"settlement":100000}}
{"timestamp":"2026-02-15T08:11:33+01:00","msg_id":"25d3162d75ca2d25d450afc268821163","phase":"LIQUIDITY_OK","details":{"institution":"BRAVO","available":200000}}
{"timestamp":"2026-02-15T08:11:33+01:00","msg_id":"25d3162d75ca2d25d450afc268821163","phase":"FAILURE","details":{"status":"failed_execution","msg":"SQLSTATE[23502]: Not null violation: 7 ERROR:  null value in column \"integrity_hash\" of relation \"regulator_outbox\" violates not-null constraint\nDETAIL:  Failing row contains (9, 3706736f-1aa9-4bc8-93f9-9f0f7494a4d4, {\"amount\": 100, \"currency\": \"BWP\", \"timestamp\": \"2026-02-15T08:1..., null, null, 0, null, 2026-02-15 09:11:33.657401)."}}
{"timestamp":"2026-02-15T08:11:33+01:00","msg_id":"b82ea4d23d4b8b496483c3c0f6a13cf4","phase":"AML_BLOCK","details":{"reason":"PARTICIPANT_NOT_IN_CONFIG","from":"ALPHA","to":"CHARLIE"}}
{"timestamp":"2026-02-15T08:11:33+01:00","msg_id":"72482ffe7cb84b072f959e7fd1124e59","phase":"AML_BLOCK","details":{"reason":"PARTICIPANT_NOT_IN_CONFIG","from":"CHARLIE","to":"ALPHA"}}
{"timestamp":"2026-02-15T08:11:33+01:00","msg_id":"599bd94fbbb70d9ed54caf39ceef741e","phase":"AML_BLOCK","details":{"reason":"SANCTIONED_ENTITY_TEST"}}
{"timestamp":"2026-02-15T08:11:33+01:00","msg_id":"da52e6897cef1000cc9d4e980c23fcc1","phase":"LIQUIDITY_CHECK","details":{"institution":"ALPHA","required":999999999,"available":200000,"float":100000,"settlement":100000}}
{"timestamp":"2026-02-15T08:11:33+01:00","msg_id":"da52e6897cef1000cc9d4e980c23fcc1","phase":"LIQUIDITY_BLOCK","details":{"institution":"ALPHA","required":999999999,"available":200000}}
{"timestamp":"2026-02-15T08:11:33+01:00","msg_id":"IDEMP-699171a5a2012","phase":"LIQUIDITY_CHECK","details":{"institution":"ALPHA","required":50,"available":200000,"float":100000,"settlement":100000}}
{"timestamp":"2026-02-15T08:11:33+01:00","msg_id":"IDEMP-699171a5a2012","phase":"LIQUIDITY_OK","details":{"institution":"ALPHA","available":200000}}
{"timestamp":"2026-02-15T08:11:33+01:00","msg_id":"IDEMP-699171a5a2012","phase":"FAILURE","details":{"status":"failed_execution","msg":"SQLSTATE[23502]: Not null violation: 7 ERROR:  null value in column \"integrity_hash\" of relation \"regulator_outbox\" violates not-null constraint\nDETAIL:  Failing row contains (10, 92d8ef8e-d41d-4a09-b029-10af8f35919e, {\"amount\": 50, \"currency\": \"BWP\", \"timestamp\": \"2026-02-15T08:11..., null, null, 0, null, 2026-02-15 09:11:33.680666)."}}
{"timestamp":"2026-02-15T08:11:33+01:00","msg_id":"IDEMP-699171a5a2012","phase":"LIQUIDITY_CHECK","details":{"institution":"ALPHA","required":50,"available":200000,"float":100000,"settlement":100000}}
{"timestamp":"2026-02-15T08:11:33+01:00","msg_id":"IDEMP-699171a5a2012","phase":"LIQUIDITY_OK","details":{"institution":"ALPHA","available":200000}}
{"timestamp":"2026-02-15T08:11:33+01:00","msg_id":"IDEMP-699171a5a2012","phase":"FAILURE","details":{"status":"failed_execution","msg":"SQLSTATE[23502]: Not null violation: 7 ERROR:  null value in column \"integrity_hash\" of relation \"regulator_outbox\" violates not-null constraint\nDETAIL:  Failing row contains (11, 4504fad4-0287-4e9b-b8ac-33a775c79c88, {\"amount\": 50, \"currency\": \"BWP\", \"timestamp\": \"2026-02-15T08:11..., null, null, 0, null, 2026-02-15 09:11:33.703531)."}}
{"timestamp":"2026-02-15T08:15:29+01:00","msg_id":"2099cd3936dd2cd5babda727ab1f77d9","phase":"LIQUIDITY_CHECK","details":{"institution":"ALPHA","required":100,"available":2000000,"float":1000000,"settlement":1000000}}
{"timestamp":"2026-02-15T08:15:29+01:00","msg_id":"2099cd3936dd2cd5babda727ab1f77d9","phase":"LIQUIDITY_OK","details":{"institution":"ALPHA","available":2000000}}
{"timestamp":"2026-02-15T08:15:29+01:00","msg_id":"53e63c3558e7b97d3510567cae60cae4","phase":"LIQUIDITY_CHECK","details":{"institution":"ALPHA","required":100,"available":2000000,"float":1000000,"settlement":1000000}}
{"timestamp":"2026-02-15T08:15:29+01:00","msg_id":"53e63c3558e7b97d3510567cae60cae4","phase":"LIQUIDITY_OK","details":{"institution":"ALPHA","available":2000000}}
{"timestamp":"2026-02-15T08:15:29+01:00","msg_id":"7ddf33f7b2fd76f6203b011e3edc68b7","phase":"LIQUIDITY_CHECK","details":{"institution":"BRAVO","required":100,"available":2000000,"float":1000000,"settlement":1000000}}
{"timestamp":"2026-02-15T08:15:29+01:00","msg_id":"7ddf33f7b2fd76f6203b011e3edc68b7","phase":"LIQUIDITY_OK","details":{"institution":"BRAVO","available":2000000}}
{"timestamp":"2026-02-15T08:15:29+01:00","msg_id":"23aad0b70ae3425f22778c0e92cfc46c","phase":"AML_BLOCK","details":{"reason":"PARTICIPANT_NOT_IN_CONFIG","from":"CARD_USER","to":"BANK_USER"}}
{"timestamp":"2026-02-15T08:15:29+01:00","msg_id":"043f9260f6ea39852b4a531410e4edf5","phase":"AML_BLOCK","details":{"reason":"PARTICIPANT_NOT_IN_CONFIG","from":"BANK_USER","to":"ALPHA"}}
{"timestamp":"2026-02-15T08:15:29+01:00","msg_id":"2959062df613c969d66c1b5f67a2259b","phase":"AML_BLOCK","details":{"reason":"SANCTIONED_ENTITY_TEST"}}
{"timestamp":"2026-02-15T08:15:29+01:00","msg_id":"7984054cb608febaa14b171bc9cbb88e","phase":"LIQUIDITY_CHECK","details":{"institution":"ALPHA","required":999999999,"available":2000000,"float":1000000,"settlement":1000000}}
{"timestamp":"2026-02-15T08:15:29+01:00","msg_id":"7984054cb608febaa14b171bc9cbb88e","phase":"LIQUIDITY_BLOCK","details":{"institution":"ALPHA","required":999999999,"available":2000000}}
{"timestamp":"2026-02-15T08:15:29+01:00","msg_id":"IDEMP-699172911aadf","phase":"LIQUIDITY_CHECK","details":{"institution":"ALPHA","required":50,"available":2000000,"float":1000000,"settlement":1000000}}
{"timestamp":"2026-02-15T08:15:29+01:00","msg_id":"IDEMP-699172911aadf","phase":"LIQUIDITY_OK","details":{"institution":"ALPHA","available":2000000}}
{"timestamp":"2026-02-15T08:15:29+01:00","msg_id":"IDEMP-699172911aadf","phase":"LIQUIDITY_CHECK","details":{"institution":"ALPHA","required":50,"available":2000000,"float":1000000,"settlement":1000000}}
{"timestamp":"2026-02-15T08:15:29+01:00","msg_id":"IDEMP-699172911aadf","phase":"LIQUIDITY_OK","details":{"institution":"ALPHA","available":2000000}}
{"timestamp":"2026-02-15T08:22:56+01:00","msg_id":"288050ce5434923a9b43fc254df785d6","phase":"LIQUIDITY_CHECK","details":{"institution":"ALPHA","required":100,"available":2000000,"float":1000000,"settlement":1000000}}
{"timestamp":"2026-02-15T08:22:56+01:00","msg_id":"288050ce5434923a9b43fc254df785d6","phase":"LIQUIDITY_OK","details":{"institution":"ALPHA","available":2000000}}
{"timestamp":"2026-02-15T08:22:56+01:00","msg_id":"e3071f51bdac7992c883cfefdbde7f78","phase":"LIQUIDITY_CHECK","details":{"institution":"ALPHA","required":100,"available":2000000,"float":1000000,"settlement":1000000}}
{"timestamp":"2026-02-15T08:22:56+01:00","msg_id":"e3071f51bdac7992c883cfefdbde7f78","phase":"LIQUIDITY_OK","details":{"institution":"ALPHA","available":2000000}}
{"timestamp":"2026-02-15T08:22:56+01:00","msg_id":"2f645df996b7b281347aafbd0947922c","phase":"LIQUIDITY_CHECK","details":{"institution":"BRAVO","required":100,"available":2000000,"float":1000000,"settlement":1000000}}
{"timestamp":"2026-02-15T08:22:56+01:00","msg_id":"2f645df996b7b281347aafbd0947922c","phase":"LIQUIDITY_OK","details":{"institution":"BRAVO","available":2000000}}
{"timestamp":"2026-02-15T08:22:56+01:00","msg_id":"2f1ccbc61eb30dde4ab7f0a0f4f1d39d","phase":"AML_BLOCK","details":{"reason":"PARTICIPANT_NOT_IN_CONFIG","from":"CARD_USER","to":"BANK_USER"}}
{"timestamp":"2026-02-15T08:22:56+01:00","msg_id":"81f3cf31569db5ae0c10c678dd356de5","phase":"AML_BLOCK","details":{"reason":"PARTICIPANT_NOT_IN_CONFIG","from":"BANK_USER","to":"ALPHA"}}
{"timestamp":"2026-02-15T08:22:56+01:00","msg_id":"d4a140715c928b4765e74edd5477f761","phase":"AML_BLOCK","details":{"reason":"SANCTIONED_ENTITY_TEST"}}
{"timestamp":"2026-02-15T08:22:56+01:00","msg_id":"99a45da467b2eefc6a74b2604c6aebe3","phase":"LIQUIDITY_CHECK","details":{"institution":"ALPHA","required":999999999,"available":2000000,"float":1000000,"settlement":1000000}}
{"timestamp":"2026-02-15T08:22:56+01:00","msg_id":"99a45da467b2eefc6a74b2604c6aebe3","phase":"LIQUIDITY_BLOCK","details":{"institution":"ALPHA","required":999999999,"available":2000000}}
{"timestamp":"2026-02-15T08:22:56+01:00","msg_id":"IDEMP-69917450dea9e5.21452847","phase":"LIQUIDITY_CHECK","details":{"institution":"ALPHA","required":50,"available":2000000,"float":1000000,"settlement":1000000}}
{"timestamp":"2026-02-15T08:22:56+01:00","msg_id":"IDEMP-69917450dea9e5.21452847","phase":"LIQUIDITY_OK","details":{"institution":"ALPHA","available":2000000}}
{"timestamp":"2026-02-15T08:22:56+01:00","msg_id":"IDEMP-69917450dea9e5.21452847","phase":"LIQUIDITY_CHECK","details":{"institution":"ALPHA","required":50,"available":2000000,"float":1000000,"settlement":1000000}}
{"timestamp":"2026-02-15T08:22:56+01:00","msg_id":"IDEMP-69917450dea9e5.21452847","phase":"LIQUIDITY_OK","details":{"institution":"ALPHA","available":2000000}}
{"timestamp":"2026-02-15T08:27:30+01:00","msg_id":"899c0332e3c0132e0dea96f8e1e83209","phase":"LIQUIDITY_CHECK","details":{"institution":"ALPHA","required":100,"available":2000000,"float":1000000,"settlement":1000000}}
{"timestamp":"2026-02-15T08:27:30+01:00","msg_id":"899c0332e3c0132e0dea96f8e1e83209","phase":"LIQUIDITY_OK","details":{"institution":"ALPHA","available":2000000}}
{"timestamp":"2026-02-15T08:27:30+01:00","msg_id":"90716f850232a123d8f99d2e66e8b71f","phase":"LIQUIDITY_CHECK","details":{"institution":"ALPHA","required":100,"available":2000000,"float":1000000,"settlement":1000000}}
{"timestamp":"2026-02-15T08:27:30+01:00","msg_id":"90716f850232a123d8f99d2e66e8b71f","phase":"LIQUIDITY_OK","details":{"institution":"ALPHA","available":2000000}}
{"timestamp":"2026-02-15T08:27:30+01:00","msg_id":"5c4bac0d3c69531871701f1a3029c0af","phase":"LIQUIDITY_CHECK","details":{"institution":"BRAVO","required":100,"available":2000000,"float":1000000,"settlement":1000000}}
{"timestamp":"2026-02-15T08:27:30+01:00","msg_id":"5c4bac0d3c69531871701f1a3029c0af","phase":"LIQUIDITY_OK","details":{"institution":"BRAVO","available":2000000}}
{"timestamp":"2026-02-15T08:27:30+01:00","msg_id":"b9c9fc93a0bc2817add38283cd1d8ff1","phase":"AML_BLOCK","details":{"reason":"PARTICIPANT_NOT_IN_CONFIG","from":"CARD","to":"BANK"}}
{"timestamp":"2026-02-15T08:27:30+01:00","msg_id":"bb4081aead7062e6749a4ebef9b9f84e","phase":"AML_BLOCK","details":{"reason":"PARTICIPANT_NOT_IN_CONFIG","from":"BANK","to":"ALPHA"}}
{"timestamp":"2026-02-15T08:27:30+01:00","msg_id":"e2ac69997c5de404947cd1bb935ebce1","phase":"AML_BLOCK","details":{"reason":"SANCTIONED_ENTITY_TEST"}}
{"timestamp":"2026-02-15T08:27:30+01:00","msg_id":"6a0001feb7c99052d0b1cba0ba603675","phase":"LIQUIDITY_CHECK","details":{"institution":"ALPHA","required":999999999,"available":2000000,"float":1000000,"settlement":1000000}}
{"timestamp":"2026-02-15T08:27:30+01:00","msg_id":"6a0001feb7c99052d0b1cba0ba603675","phase":"LIQUIDITY_BLOCK","details":{"institution":"ALPHA","required":999999999,"available":2000000}}
{"timestamp":"2026-02-15T08:27:30+01:00","msg_id":"IDEMP-69917562bc7716.72433596","phase":"LIQUIDITY_CHECK","details":{"institution":"ALPHA","required":50,"available":2000000,"float":1000000,"settlement":1000000}}
{"timestamp":"2026-02-15T08:27:30+01:00","msg_id":"IDEMP-69917562bc7716.72433596","phase":"LIQUIDITY_OK","details":{"institution":"ALPHA","available":2000000}}
{"timestamp":"2026-02-15T08:27:30+01:00","msg_id":"IDEMP-69917562bc7716.72433596","phase":"LIQUIDITY_CHECK","details":{"institution":"ALPHA","required":50,"available":2000000,"float":1000000,"settlement":1000000}}
{"timestamp":"2026-02-15T08:27:30+01:00","msg_id":"IDEMP-69917562bc7716.72433596","phase":"LIQUIDITY_OK","details":{"institution":"ALPHA","available":2000000}}
{"timestamp":"2026-02-15T08:33:49+01:00","msg_id":"86451b1c6c2d4e7479282656af6e8968","phase":"LIQUIDITY_CHECK","details":{"institution":"ALPHA","required":100,"available":2000000,"float":1000000,"settlement":1000000}}
{"timestamp":"2026-02-15T08:33:49+01:00","msg_id":"86451b1c6c2d4e7479282656af6e8968","phase":"LIQUIDITY_OK","details":{"institution":"ALPHA","available":2000000}}
{"timestamp":"2026-02-15T08:33:49+01:00","msg_id":"55fabd968a800ffd83a3cf027c5b795d","phase":"LIQUIDITY_CHECK","details":{"institution":"ALPHA","required":100,"available":2000000,"float":1000000,"settlement":1000000}}
{"timestamp":"2026-02-15T08:33:49+01:00","msg_id":"55fabd968a800ffd83a3cf027c5b795d","phase":"LIQUIDITY_OK","details":{"institution":"ALPHA","available":2000000}}
{"timestamp":"2026-02-15T08:33:49+01:00","msg_id":"0e92842082d396a7f0bc298d2e71f4a0","phase":"LIQUIDITY_CHECK","details":{"institution":"BRAVO","required":100,"available":2000000,"float":1000000,"settlement":1000000}}
{"timestamp":"2026-02-15T08:33:49+01:00","msg_id":"0e92842082d396a7f0bc298d2e71f4a0","phase":"LIQUIDITY_OK","details":{"institution":"BRAVO","available":2000000}}
{"timestamp":"2026-02-15T08:33:49+01:00","msg_id":"4c181b5ed1cead1588fc0cd0e612effa","phase":"AML_BLOCK","details":{"reason":"PARTICIPANT_NOT_IN_CONFIG","from":"CARD","to":"BANK"}}
{"timestamp":"2026-02-15T08:33:49+01:00","msg_id":"54a5feb514107cd064206130093d6b5d","phase":"AML_BLOCK","details":{"reason":"PARTICIPANT_NOT_IN_CONFIG","from":"BANK","to":"ALPHA"}}
{"timestamp":"2026-02-15T08:33:49+01:00","msg_id":"d8cf79e516c27c4708bbd9e0d9bcc115","phase":"AML_BLOCK","details":{"reason":"SANCTIONED_ENTITY_TEST"}}
{"timestamp":"2026-02-15T08:33:49+01:00","msg_id":"5648b39ce13125fe44ed4504c6f78693","phase":"LIQUIDITY_CHECK","details":{"institution":"ALPHA","required":999999999,"available":2000000,"float":1000000,"settlement":1000000}}
{"timestamp":"2026-02-15T08:33:49+01:00","msg_id":"5648b39ce13125fe44ed4504c6f78693","phase":"LIQUIDITY_BLOCK","details":{"institution":"ALPHA","required":999999999,"available":2000000}}
{"timestamp":"2026-02-15T08:33:49+01:00","msg_id":"IDEMP-699176ddd59572.58680117","phase":"LIQUIDITY_CHECK","details":{"institution":"ALPHA","required":50,"available":2000000,"float":1000000,"settlement":1000000}}
{"timestamp":"2026-02-15T08:33:49+01:00","msg_id":"IDEMP-699176ddd59572.58680117","phase":"LIQUIDITY_OK","details":{"institution":"ALPHA","available":2000000}}
{"timestamp":"2026-02-15T08:33:49+01:00","msg_id":"IDEMP-699176ddd59572.58680117","phase":"LIQUIDITY_CHECK","details":{"institution":"ALPHA","required":50,"available":2000000,"float":1000000,"settlement":1000000}}
{"timestamp":"2026-02-15T08:33:49+01:00","msg_id":"IDEMP-699176ddd59572.58680117","phase":"LIQUIDITY_OK","details":{"institution":"ALPHA","available":2000000}}
{"timestamp":"2026-02-15T08:36:58+01:00","msg_id":"bba9ca0487f9deb8dbd4c5813bf8d615","phase":"LIQUIDITY_CHECK","details":{"institution":"ALPHA","required":100,"available":2000000,"float":1000000,"settlement":1000000}}
{"timestamp":"2026-02-15T08:36:58+01:00","msg_id":"bba9ca0487f9deb8dbd4c5813bf8d615","phase":"LIQUIDITY_OK","details":{"institution":"ALPHA","available":2000000}}
{"timestamp":"2026-02-15T08:36:58+01:00","msg_id":"9cd987d1dc83c9b750112f3d96dd4591","phase":"LIQUIDITY_CHECK","details":{"institution":"ALPHA","required":100,"available":2000000,"float":1000000,"settlement":1000000}}
{"timestamp":"2026-02-15T08:36:58+01:00","msg_id":"9cd987d1dc83c9b750112f3d96dd4591","phase":"LIQUIDITY_OK","details":{"institution":"ALPHA","available":2000000}}
{"timestamp":"2026-02-15T08:36:58+01:00","msg_id":"bc9614e6b1cf47872b7912ff56389a4b","phase":"LIQUIDITY_CHECK","details":{"institution":"BRAVO","required":100,"available":2000000,"float":1000000,"settlement":1000000}}
{"timestamp":"2026-02-15T08:36:58+01:00","msg_id":"bc9614e6b1cf47872b7912ff56389a4b","phase":"LIQUIDITY_OK","details":{"institution":"BRAVO","available":2000000}}
{"timestamp":"2026-02-15T08:36:58+01:00","msg_id":"bbeaf92444b0b0e7efdeececbc38a5cf","phase":"LIQUIDITY_CHECK","details":{"institution":"CARD","required":100,"available":0,"float":0,"settlement":0}}
{"timestamp":"2026-02-15T08:36:58+01:00","msg_id":"bbeaf92444b0b0e7efdeececbc38a5cf","phase":"LIQUIDITY_BLOCK","details":{"institution":"CARD","required":100,"available":0}}
{"timestamp":"2026-02-15T08:36:58+01:00","msg_id":"b973b84243e1ee1555aa17f58d8d0ba6","phase":"LIQUIDITY_CHECK","details":{"institution":"BANK","required":100,"available":0,"float":0,"settlement":0}}
{"timestamp":"2026-02-15T08:36:58+01:00","msg_id":"b973b84243e1ee1555aa17f58d8d0ba6","phase":"LIQUIDITY_BLOCK","details":{"institution":"BANK","required":100,"available":0}}
{"timestamp":"2026-02-15T08:36:58+01:00","msg_id":"13494f12d090780ecc569efa5b678655","phase":"AML_BLOCK","details":{"reason":"SANCTIONED_ENTITY_TEST"}}
{"timestamp":"2026-02-15T08:36:58+01:00","msg_id":"ab632cec42368c052320a4523edd4602","phase":"LIQUIDITY_CHECK","details":{"institution":"ALPHA","required":999999999,"available":2000000,"float":1000000,"settlement":1000000}}
{"timestamp":"2026-02-15T08:36:58+01:00","msg_id":"ab632cec42368c052320a4523edd4602","phase":"LIQUIDITY_BLOCK","details":{"institution":"ALPHA","required":999999999,"available":2000000}}
{"timestamp":"2026-02-15T08:36:58+01:00","msg_id":"IDEMP-6991779a4888a1.42592601","phase":"LIQUIDITY_CHECK","details":{"institution":"ALPHA","required":50,"available":2000000,"float":1000000,"settlement":1000000}}
{"timestamp":"2026-02-15T08:36:58+01:00","msg_id":"IDEMP-6991779a4888a1.42592601","phase":"LIQUIDITY_OK","details":{"institution":"ALPHA","available":2000000}}
{"timestamp":"2026-02-15T08:36:58+01:00","msg_id":"IDEMP-6991779a4888a1.42592601","phase":"LIQUIDITY_CHECK","details":{"institution":"ALPHA","required":50,"available":2000000,"float":1000000,"settlement":1000000}}
{"timestamp":"2026-02-15T08:36:58+01:00","msg_id":"IDEMP-6991779a4888a1.42592601","phase":"LIQUIDITY_OK","details":{"institution":"ALPHA","available":2000000}}
{"timestamp":"2026-02-15T08:44:04+01:00","msg_id":"LIQUIDITY_CHECK","phase":"INFO","details":{"institution":"ALPHA","float_liquidity":1000000,"settlement_liquidity":1000000,"total_available":2000000,"required":100,"sufficient":true}}
{"timestamp":"2026-02-15T08:44:04+01:00","msg_id":"60afb4afbf0b6461abd03d9d6ebab1df","phase":"LIQUIDITY_OK","details":{"institution":"ALPHA","available":2000000}}
{"timestamp":"2026-02-15T08:44:04+01:00","msg_id":"LIQUIDITY_CHECK","phase":"INFO","details":{"institution":"ALPHA","float_liquidity":1000000,"settlement_liquidity":1000000,"total_available":2000000,"required":100,"sufficient":true}}
{"timestamp":"2026-02-15T08:44:04+01:00","msg_id":"88ae1174510e019d31a3f577975abf5f","phase":"LIQUIDITY_OK","details":{"institution":"ALPHA","available":2000000}}
{"timestamp":"2026-02-15T08:44:04+01:00","msg_id":"LIQUIDITY_CHECK","phase":"INFO","details":{"institution":"BRAVO","float_liquidity":1000000,"settlement_liquidity":1000000,"total_available":2000000,"required":100,"sufficient":true}}
{"timestamp":"2026-02-15T08:44:04+01:00","msg_id":"ba6c18626debf00ce5a38e097cd6e449","phase":"LIQUIDITY_OK","details":{"institution":"BRAVO","available":2000000}}
{"timestamp":"2026-02-15T08:44:04+01:00","msg_id":"LIQUIDITY_CHECK","phase":"INFO","details":{"institution":"CARD","float_liquidity":1000000,"settlement_liquidity":1000000,"total_available":2000000,"required":100,"sufficient":true}}
{"timestamp":"2026-02-15T08:44:04+01:00","msg_id":"9ff3a2f399917db62f868f071ce6be28","phase":"LIQUIDITY_OK","details":{"institution":"CARD","available":2000000}}
{"timestamp":"2026-02-15T08:44:04+01:00","msg_id":"LIQUIDITY_CHECK","phase":"INFO","details":{"institution":"BANK","float_liquidity":1000000,"settlement_liquidity":1000000,"total_available":2000000,"required":100,"sufficient":true}}
{"timestamp":"2026-02-15T08:44:04+01:00","msg_id":"f2723cc093829dcc4f5007db94bc41b1","phase":"LIQUIDITY_OK","details":{"institution":"BANK","available":2000000}}
{"timestamp":"2026-02-15T08:44:04+01:00","msg_id":"cde6ece4be2cd22f9f83d1aa63b633fc","phase":"AML_BLOCK","details":{"reason":"SANCTIONED_ENTITY_TEST"}}
{"timestamp":"2026-02-15T08:44:04+01:00","msg_id":"LIQUIDITY_CHECK","phase":"INFO","details":{"institution":"ALPHA","float_liquidity":1000000,"settlement_liquidity":1000000,"total_available":2000000,"required":999999999,"sufficient":false}}
{"timestamp":"2026-02-15T08:44:04+01:00","msg_id":"b65b3d4f56dc6629750a12746a6c13aa","phase":"LIQUIDITY_BLOCK","details":{"institution":"ALPHA","required":999999999,"available":2000000}}
{"timestamp":"2026-02-15T08:44:04+01:00","msg_id":"LIQUIDITY_CHECK","phase":"INFO","details":{"institution":"ALPHA","float_liquidity":1000000,"settlement_liquidity":1000000,"total_available":2000000,"required":50,"sufficient":true}}
{"timestamp":"2026-02-15T08:44:04+01:00","msg_id":"IDEMP-69917944758324.11908844","phase":"LIQUIDITY_OK","details":{"institution":"ALPHA","available":2000000}}
{"timestamp":"2026-02-15T08:44:04+01:00","msg_id":"LIQUIDITY_CHECK","phase":"INFO","details":{"institution":"ALPHA","float_liquidity":1000000,"settlement_liquidity":1000000,"total_available":2000000,"required":50,"sufficient":true}}
{"timestamp":"2026-02-15T08:44:04+01:00","msg_id":"IDEMP-69917944758324.11908844","phase":"LIQUIDITY_OK","details":{"institution":"ALPHA","available":2000000}}
{"timestamp":"2026-02-15T08:45:30+01:00","msg_id":"LIQUIDITY_CHECK","phase":"INFO","details":{"institution":"ALPHA","float_liquidity":1000000,"settlement_liquidity":1000000,"total_available":2000000,"required":100,"sufficient":true}}
{"timestamp":"2026-02-15T08:45:30+01:00","msg_id":"295a27d0d940152b33cb90cb0e5c2cc6","phase":"LIQUIDITY_OK","details":{"institution":"ALPHA","available":2000000}}
{"timestamp":"2026-02-15T08:45:30+01:00","msg_id":"LIQUIDITY_CHECK","phase":"INFO","details":{"institution":"ALPHA","float_liquidity":1000000,"settlement_liquidity":1000000,"total_available":2000000,"required":100,"sufficient":true}}
{"timestamp":"2026-02-15T08:45:30+01:00","msg_id":"53e1ddc63ef7423888a7c472d08fdb72","phase":"LIQUIDITY_OK","details":{"institution":"ALPHA","available":2000000}}
{"timestamp":"2026-02-15T08:45:30+01:00","msg_id":"LIQUIDITY_CHECK","phase":"INFO","details":{"institution":"BRAVO","float_liquidity":1000000,"settlement_liquidity":1000000,"total_available":2000000,"required":100,"sufficient":true}}
{"timestamp":"2026-02-15T08:45:30+01:00","msg_id":"04c7890dcc8420af946b86f593d82419","phase":"LIQUIDITY_OK","details":{"institution":"BRAVO","available":2000000}}
{"timestamp":"2026-02-15T08:45:30+01:00","msg_id":"LIQUIDITY_CHECK","phase":"INFO","details":{"institution":"CARD","float_liquidity":1000000,"settlement_liquidity":1000000,"total_available":2000000,"required":100,"sufficient":true}}
{"timestamp":"2026-02-15T08:45:30+01:00","msg_id":"2e15ba2ae1aeebb8dbff161280bd138c","phase":"LIQUIDITY_OK","details":{"institution":"CARD","available":2000000}}
{"timestamp":"2026-02-15T08:45:30+01:00","msg_id":"LIQUIDITY_CHECK","phase":"INFO","details":{"institution":"BANK","float_liquidity":1000000,"settlement_liquidity":1000000,"total_available":2000000,"required":100,"sufficient":true}}
{"timestamp":"2026-02-15T08:45:30+01:00","msg_id":"dee4d98b57c3cebf311803ed1da09a6a","phase":"LIQUIDITY_OK","details":{"institution":"BANK","available":2000000}}
{"timestamp":"2026-02-15T08:45:30+01:00","msg_id":"a456367072df7c3c59dfe745d306fa2f","phase":"AML_BLOCK","details":{"reason":"SANCTIONED_ENTITY_TEST"}}
{"timestamp":"2026-02-15T08:45:30+01:00","msg_id":"LIQUIDITY_CHECK","phase":"INFO","details":{"institution":"ALPHA","float_liquidity":1000000,"settlement_liquidity":1000000,"total_available":2000000,"required":999999999,"sufficient":false}}
{"timestamp":"2026-02-15T08:45:30+01:00","msg_id":"4094cb2a8308d0e5edb3340c75fcb71e","phase":"LIQUIDITY_BLOCK","details":{"institution":"ALPHA","required":999999999,"available":2000000}}
{"timestamp":"2026-02-15T08:45:30+01:00","msg_id":"LIQUIDITY_CHECK","phase":"INFO","details":{"institution":"ALPHA","float_liquidity":1000000,"settlement_liquidity":1000000,"total_available":2000000,"required":50,"sufficient":true}}
{"timestamp":"2026-02-15T08:45:30+01:00","msg_id":"IDEMP-6991799a647500.76099755","phase":"LIQUIDITY_OK","details":{"institution":"ALPHA","available":2000000}}
{"timestamp":"2026-02-15T08:45:30+01:00","msg_id":"LIQUIDITY_CHECK","phase":"INFO","details":{"institution":"ALPHA","float_liquidity":1000000,"settlement_liquidity":1000000,"total_available":2000000,"required":50,"sufficient":true}}
{"timestamp":"2026-02-15T08:45:30+01:00","msg_id":"IDEMP-6991799a647500.76099755","phase":"LIQUIDITY_OK","details":{"institution":"ALPHA","available":2000000}}
{"timestamp":"2026-02-15T08:47:27+01:00","msg_id":"LIQUIDITY_CHECK","phase":"INFO","details":{"institution":"ALPHA","float_liquidity":1000000,"settlement_liquidity":1000000,"total_available":2000000,"required":100,"sufficient":true}}
{"timestamp":"2026-02-15T08:47:27+01:00","msg_id":"d3935489e4549380826895e95546dfc1","phase":"LIQUIDITY_OK","details":{"institution":"ALPHA","available":2000000}}
{"timestamp":"2026-02-15T08:47:27+01:00","msg_id":"LIQUIDITY_CHECK","phase":"INFO","details":{"institution":"ALPHA","float_liquidity":1000000,"settlement_liquidity":1000000,"total_available":2000000,"required":100,"sufficient":true}}
{"timestamp":"2026-02-15T08:47:27+01:00","msg_id":"82e040c26013c90a45021e417ab4c249","phase":"LIQUIDITY_OK","details":{"institution":"ALPHA","available":2000000}}
{"timestamp":"2026-02-15T08:47:27+01:00","msg_id":"LIQUIDITY_CHECK","phase":"INFO","details":{"institution":"BRAVO","float_liquidity":1000000,"settlement_liquidity":1000000,"total_available":2000000,"required":100,"sufficient":true}}
{"timestamp":"2026-02-15T08:47:27+01:00","msg_id":"03814f7b273935afb92ecc511a5967ec","phase":"LIQUIDITY_OK","details":{"institution":"BRAVO","available":2000000}}
{"timestamp":"2026-02-15T08:47:27+01:00","msg_id":"LIQUIDITY_CHECK","phase":"INFO","details":{"institution":"CARD","float_liquidity":1000000,"settlement_liquidity":1000000,"total_available":2000000,"required":100,"sufficient":true}}
{"timestamp":"2026-02-15T08:47:27+01:00","msg_id":"802623b9ba571ed069581c5eca4e6f8b","phase":"LIQUIDITY_OK","details":{"institution":"CARD","available":2000000}}
{"timestamp":"2026-02-15T08:47:27+01:00","msg_id":"LIQUIDITY_CHECK","phase":"INFO","details":{"institution":"BANK","float_liquidity":1000000,"settlement_liquidity":1000000,"total_available":2000000,"required":100,"sufficient":true}}
{"timestamp":"2026-02-15T08:47:27+01:00","msg_id":"0938ced6e183a401757a74a78cf4a55c","phase":"LIQUIDITY_OK","details":{"institution":"BANK","available":2000000}}
{"timestamp":"2026-02-15T08:47:27+01:00","msg_id":"b98919029f6d79791fe1f4ee8e8ab66a","phase":"AML_BLOCK","details":{"reason":"SANCTIONED_ENTITY_TEST"}}
{"timestamp":"2026-02-15T08:47:27+01:00","msg_id":"LIQUIDITY_CHECK","phase":"INFO","details":{"institution":"ALPHA","float_liquidity":1000000,"settlement_liquidity":1000000,"total_available":2000000,"required":999999999,"sufficient":false}}
{"timestamp":"2026-02-15T08:47:27+01:00","msg_id":"01e25819d5eb107a86f5ace3df3be70e","phase":"LIQUIDITY_BLOCK","details":{"institution":"ALPHA","required":999999999,"available":2000000}}
{"timestamp":"2026-02-15T08:47:27+01:00","msg_id":"LIQUIDITY_CHECK","phase":"INFO","details":{"institution":"ALPHA","float_liquidity":1000000,"settlement_liquidity":1000000,"total_available":2000000,"required":50,"sufficient":true}}
{"timestamp":"2026-02-15T08:47:27+01:00","msg_id":"IDEMP-69917a0f845fa3.66987024","phase":"LIQUIDITY_OK","details":{"institution":"ALPHA","available":2000000}}
{"timestamp":"2026-02-15T08:47:27+01:00","msg_id":"LIQUIDITY_CHECK","phase":"INFO","details":{"institution":"ALPHA","float_liquidity":1000000,"settlement_liquidity":1000000,"total_available":2000000,"required":50,"sufficient":true}}
{"timestamp":"2026-02-15T08:47:27+01:00","msg_id":"IDEMP-69917a0f845fa3.66987024","phase":"LIQUIDITY_OK","details":{"institution":"ALPHA","available":2000000}}
2026-02-16T21:05:30+00:00 - ERROR: Cannot connect: Database 'name' configuration is missing.
14:46:30 - ✅ Bootstrap loaded successfully
14:46:30 - Global variables after bootstrap:
14:46:30 - - SYSTEM_COUNTRY: BW
14:46:30 - - Country from GLOBALS: BW
14:46:30 - - Participants count: 13
14:46:30 - 
📌 TEST 4: Database Connection
14:46:30 - ❌ Database not available
14:46:30 - 
📌 TEST 5: Participants Data
14:46:30 - ✅ Participants loaded: 13 institutions
14:46:30 -    - zurubank: ZURUBWXX (wallet types: ACCOUNT,VOUCHER,ATM)
14:46:30 -    - saccussalis: SACCUSBWXX (wallet types: ACCOUNT,E-WALLET,ATM)
14:46:30 -    - test_bank_a: TEST_BIC_A (wallet types: ACCOUNT,VOUCHER)
14:46:30 - 
Testing institution lookup:
14:46:30 -    ✅ 'SACCUSSALIS' found by direct key match
14:46:30 -    ✅ 'ZURUBANK' found by direct key match
14:46:30 -    ✅ 'SACCUSBWXX' found by provider_code in participant 'saccussalis'
14:46:30 -    ✅ 'ZURUBWXX' found by provider_code in participant 'zurubank'
14:46:30 - 
📌 TEST 6: Creating SwapService
14:46:30 - ❌ SwapService creation failed: No database connection
14:46:30 - Trace: #0 {main}
14:46:30 - 
📌 TEST 7: Test minimal swap
14:46:30 - Test payload: {
    "currency": "BWP",
    "source": {
        "institution": "SACCUSSALIS",
        "asset_type": "E-WALLET",
        "amount": 1,
        "ewallet": {
            "ewallet_phone": "+26770000000"
        }
    },
    "destination": {
        "institution": "ZURUBANK",
        "asset_type": "ATM",
        "amount": 1,
        "delivery_mode": "cashout",
        "cashout": {
            "beneficiary_phone": "+26770000000"
        }
    }
}
14:46:30 - ✅ Swap executed successfully!
14:46:30 - Result: {
    "status": "error",
    "message": "Cashout validation failed: Amount cannot be dispensed with available denominations, Amount 1.00 BWP cannot be dispensed exactly. Closest dispensable: 0.00 BWP"
}
14:46:30 - 
📌 TEST 8: Testing Bank Endpoints
14:46:30 - 
Testing endpoint: http://localhost/SaccusSalisbank/backend/api/v1/verify_asset.php
14:46:30 - Payload: {"asset_type":"E-WALLET","ewallet_phone":"+26770000000","amount":1}
14:46:30 - HTTP Code: 200
14:46:30 - Response body: 
{"verified":true,"asset_id":4,"available_balance":998750,"holder_name":"Saccus Salis Customer","expiry_date":null,"metadata":{"wallet_type":"default","currency":"BWP","phone":"+26770000000"}}
14:46:30 - 
Testing endpoint: http://localhost/zurubank/Backend/api/v1/atm/generate_code.php
14:46:30 - Payload: {"beneficiary_phone":"+26770000000","amount":1}
14:46:31 - HTTP Code: 200
14:46:31 - Response body: 
{
    "token_generated": true,
    "token_reference": "VCH-243082925322",
    "atm_pin": "167507",
    "voucher_number": "243082925322",
    "expiry": "2026-03-01 14:46:31",
    "message": "ATM token generated successfully",
    "debug": {
        "voucher_id": 35,
        "cashout_id": 10,
        "reference": "VCH-69a2f1b6f29c1"
    }
}
14:46:31 - 
📌 TEST 9: Recent PHP Errors
14:46:31 - Last 20 lines from PHP error log:
14:46:31 -    [28-Feb-2026 14:44:13 Europe/Berlin] Bank: SACCUSBWXX
14:46:31 -    [28-Feb-2026 14:44:13 Europe/Berlin] Action: place_hold
14:46:31 -    [28-Feb-2026 14:44:13 Europe/Berlin] Base URL: http://localhost/SaccusSalisbank/backend
14:46:31 -    [28-Feb-2026 14:44:13 Europe/Berlin] Endpoint path: api/v1/hold.php
14:46:31 -    [28-Feb-2026 14:44:13 Europe/Berlin] Full URL: http://localhost/SaccusSalisbank/backend/api/v1/hold.php
14:46:31 -    [28-Feb-2026 14:44:13 Europe/Berlin] Payload being sent: {"reference":"629ff6f77767565598eb477510d217ef","asset_type":"E-WALLET","amount":100,"action":"PLACE_HOLD","expiry":"2026-03-01 14:44:13","hold_reason":"PENDING_TRANSACTION","foreign_bank":"ZURUBANK","destination_institution":"ZURUBANK","destination":"ZURUBANK","beneficiary_bank":"ZURUBANK","ewallet_phone":"+26770000000"}
14:46:31 -    [28-Feb-2026 14:44:13 Europe/Berlin] Added API Key header
14:46:31 -    [28-Feb-2026 14:44:13 Europe/Berlin] Headers: ["Content-Type: application\/json","X-Correlation-ID: 629ff6f77767565598eb477510d217ef","X-API-KEY: ad1927b1aaa09f04241646aa76b2c5d3886552e4f98d34a460602da26c588109"]
14:46:31 -    [28-Feb-2026 14:44:13 Europe/Berlin] HTTP Code: 200
14:46:31 -    [28-Feb-2026 14:44:13 Europe/Berlin] Response:
14:46:31 -    {"status":"SUCCESS","hold_placed":true,"hold_reference":"629ff6f77767565598eb477510d217ef","session_id":"SESSION-69a2f12dbb838","message":"Hold placed successfully","new_balance":995750,"held_balance":"3000.0000"}
14:46:31 -    [28-Feb-2026 14:44:13 Europe/Berlin] === DEBUG WRITTEN TO /tmp/hold_debug.log ===
14:46:31 -    [28-Feb-2026 14:44:13 Europe/Berlin] PHP Error [2]: Undefined array key "cashout" in /opt/lampp/htdocs/vouchmorphn/src/BUSINESS_LOGIC_LAYER/services/SwapService.php line 815
14:46:31 -    [28-Feb-2026 14:44:13 Europe/Berlin] PHP Fatal error:  Uncaught TypeError: BUSINESS_LOGIC_LAYER\services\SwapService::createCashoutVoucher(): Argument #5 ($cashoutData) must be of type array, null given, called in /opt/lampp/htdocs/vouchmorphn/src/BUSINESS_LOGIC_LAYER/services/SwapService.php on line 832 and defined in /opt/lampp/htdocs/vouchmorphn/src/BUSINESS_LOGIC_LAYER/services/SwapService.php:842
14:46:31 -    Stack trace:
14:46:31 -    #0 /opt/lampp/htdocs/vouchmorphn/src/BUSINESS_LOGIC_LAYER/services/SwapService.php(832): BUSINESS_LOGIC_LAYER\services\SwapService->createCashoutVoucher(33, '$2y$10$Ll1Htot7...', Array, '905025', NULL)
14:46:31 -    #1 /opt/lampp/htdocs/vouchmorphn/src/BUSINESS_LOGIC_LAYER/services/SwapService.php(471): BUSINESS_LOGIC_LAYER\services\SwapService->processCashout(33, '629ff6f77767565...', Array, Array, 'BWP', Array)
14:46:31 -    #2 /opt/lampp/htdocs/vouchmorphn/public/user/regulationdemo.php(315): BUSINESS_LOGIC_LAYER\services\SwapService->executeSwap(Array)
14:46:31 -    #3 {main}
14:46:31 -    thrown in /opt/lampp/htdocs/vouchmorphn/src/BUSINESS_LOGIC_LAYER/services/SwapService.php on line 842
14:46:31 - 
📌 TEST 10: Recent SwapService Debug Logs
14:46:31 - File: /tmp/hold_debug.log
14:46:31 -    "hold_reference": "629ff6f77767565598eb477510d217ef",
14:46:31 -    "session_id": "SESSION-69a2f12dbb838",
14:46:31 -    "message": "Hold placed successfully",
14:46:31 -    "new_balance": 995750,
14:46:31 -    "held_balance": "3000.0000"
14:46:31 -    },
14:46:31 -    "raw_response": "\r\n{\"status\":\"SUCCESS\",\"hold_placed\":true,\"hold_reference\":\"629ff6f77767565598eb477510d217ef\",\"session_id\":\"SESSION-69a2f12dbb838\",\"message\":\"Hold placed successfully\",\"new_balance\":995750,\"held_balance\":\"3000.0000\"}"
14:46:31 -    }
14:46:31 -    }
14:46:31 -    ---
14:46:31 - File: /tmp/vouchmorphn_swap_audit.log
14:46:31 -    {"timestamp":"2026-02-28T14:44:13+01:00","msg_id":"PHONE_FORMATTING","phase":"INFO","details":{"institution":"SACCUSBWXX","original":"+26770000000","digits":"26770000000","config":{"prefix":"+","country_code":"267","strip_leading_zeros":true,"expected_length":11,"remove_country_code_for_local":false}}}
14:46:31 -    {"timestamp":"2026-02-28T14:44:13+01:00","msg_id":"PHONE_FORMATTED","phase":"INFO","details":{"institution":"SACCUSBWXX","formatted":"+26770000000"}}
14:46:31 -    {"timestamp":"2026-02-28T14:44:13+01:00","msg_id":"629ff6f77767565598eb477510d217ef","phase":"PLACE_HOLD_PAYLOAD","details":{"payload":{"reference":"629ff6f77767565598eb477510d217ef","asset_type":"E-WALLET","amount":100,"action":"PLACE_HOLD","expiry":"2026-03-01 14:44:13","hold_reason":"PENDING_TRANSACTION","foreign_bank":"ZURUBANK","destination_institution":"ZURUBANK","destination":"ZURUBANK","beneficiary_bank":"ZURUBANK","ewallet_phone":"+26770000000"},"participant":"SACCUSBWXX"}}
14:46:31 -    {"timestamp":"2026-02-28T14:44:13+01:00","msg_id":"629ff6f77767565598eb477510d217ef","phase":"PLACE_HOLD_RESPONSE_RAW","details":{"result":{"success":true,"status_code":200,"data":{"status":"SUCCESS","hold_placed":true,"hold_reference":"629ff6f77767565598eb477510d217ef","session_id":"SESSION-69a2f12dbb838","message":"Hold placed successfully","new_balance":995750,"held_balance":"3000.0000"},"raw_response":"\r\n{\"status\":\"SUCCESS\",\"hold_placed\":true,\"hold_reference\":\"629ff6f77767565598eb477510d217ef\",\"session_id\":\"SESSION-69a2f12dbb838\",\"message\":\"Hold placed successfully\",\"new_balance\":995750,\"held_balance\":\"3000.0000\"}","curl_error":""}}}
14:46:31 -    {"timestamp":"2026-02-28T14:44:13+01:00","msg_id":"629ff6f77767565598eb477510d217ef","phase":"PLACE_HOLD_BANK_RESPONSE","details":{"bank_response":{"status":"SUCCESS","hold_placed":true,"hold_reference":"629ff6f77767565598eb477510d217ef","session_id":"SESSION-69a2f12dbb838","message":"Hold placed successfully","new_balance":995750,"held_balance":"3000.0000"}}}
14:46:31 -    {"timestamp":"2026-02-28T14:44:13+01:00","msg_id":"629ff6f77767565598eb477510d217ef","phase":"PLACE_HOLD_SUCCESS","details":{"hold_reference":"629ff6f77767565598eb477510d217ef","hold_expiry":null}}
14:46:31 -    {"timestamp":"2026-02-28T14:46:30+01:00","msg_id":"LOAD_ATM_NOTES","phase":"SUCCESS","details":{"file":"\/opt\/lampp\/htdocs\/vouchmorphn\/src\/BUSINESS_LOGIC_LAYER\/services\/..\/..\/CORE_CONFIG\/countries\/BW\/atm_notes_BW.json"}}
14:46:31 -    {"timestamp":"2026-02-28T14:46:30+01:00","msg_id":"PHONE_FORMATTING","phase":"INFO","details":{"institution":"SACCUSBWXX","original":"+26770000000","digits":"26770000000","config":{"prefix":"+","country_code":"267","strip_leading_zeros":true,"expected_length":11,"remove_country_code_for_local":false}}}
14:46:31 -    {"timestamp":"2026-02-28T14:46:30+01:00","msg_id":"PHONE_FORMATTED","phase":"INFO","details":{"institution":"SACCUSBWXX","formatted":"+26770000000"}}
14:46:31 -    {"timestamp":"2026-02-28T14:46:30+01:00","msg_id":"94b09b965a00aefac92c2103a904cef1","phase":"SWAP_FAILED","details":{"error":"Cashout validation failed: Amount cannot be dispensed with available denominations, Amount 1.00 BWP cannot be dispensed exactly. Closest dispensable: 0.00 BWP"}}
14:46:31 - 
============================================================
14:46:31 - 📊 DIAGNOSTIC SUMMARY
14:46:31 - ============================================================
14:46:31 - Log file created: /opt/lampp/htdocs/vouchmorphn/src/APP_LAYER/logs/swap_audit.log
14:46:31 - Check this file for complete details
14:51:26 - ✅ Bootstrap loaded successfully
14:51:26 - Global variables after bootstrap:
14:51:26 - - SYSTEM_COUNTRY: BW
14:51:26 - - Country from GLOBALS: BW
14:51:26 - - Participants count: 13
14:51:26 - 
📌 TEST 4: Database Connection
14:51:26 - ❌ Database not available
14:51:26 - 
📌 TEST 5: Participants Data
14:51:26 - ✅ Participants loaded: 13 institutions
14:51:26 -    - zurubank: ZURUBWXX (wallet types: ACCOUNT,VOUCHER,ATM)
14:51:26 -    - saccussalis: SACCUSBWXX (wallet types: ACCOUNT,E-WALLET,ATM)
14:51:26 -    - test_bank_a: TEST_BIC_A (wallet types: ACCOUNT,VOUCHER)
14:51:26 - 
Testing institution lookup:
14:51:26 -    ✅ 'SACCUSSALIS' found by direct key match
14:51:26 -    ✅ 'ZURUBANK' found by direct key match
14:51:26 -    ✅ 'SACCUSBWXX' found by provider_code in participant 'saccussalis'
14:51:26 -    ✅ 'ZURUBWXX' found by provider_code in participant 'zurubank'
14:51:26 - 
📌 TEST 6: Creating SwapService
14:51:26 - ❌ SwapService creation failed: No database connection
14:51:26 - Trace: #0 {main}
14:51:26 - 
📌 TEST 7: Test minimal swap
14:51:26 - Test payload: {
    "currency": "BWP",
    "source": {
        "institution": "SACCUSSALIS",
        "asset_type": "E-WALLET",
        "amount": 1,
        "ewallet": {
            "ewallet_phone": "+26770000000"
        }
    },
    "destination": {
        "institution": "ZURUBANK",
        "asset_type": "ATM",
        "amount": 1,
        "delivery_mode": "cashout",
        "cashout": {
            "beneficiary_phone": "+26770000000"
        }
    }
}
14:51:26 - ✅ Swap executed successfully!
14:51:26 - Result: {
    "status": "error",
    "message": "Cashout validation failed: Amount cannot be dispensed with available denominations, Amount 1.00 BWP cannot be dispensed exactly. Closest dispensable: 0.00 BWP"
}
14:51:26 - 
📌 TEST 8: Testing Bank Endpoints
14:51:26 - 
Testing endpoint: http://localhost/SaccusSalisbank/backend/api/v1/verify_asset.php
14:51:26 - Payload: {"asset_type":"E-WALLET","ewallet_phone":"+26770000000","amount":1}
14:51:26 - HTTP Code: 200
14:51:26 - Response body: 
{"verified":true,"asset_id":4,"available_balance":998750,"holder_name":"Saccus Salis Customer","expiry_date":null,"metadata":{"wallet_type":"default","currency":"BWP","phone":"+26770000000"}}
14:51:26 - 
Testing endpoint: http://localhost/zurubank/Backend/api/v1/atm/generate_code.php
14:51:26 - Payload: {"beneficiary_phone":"+26770000000","amount":1}
14:51:26 - HTTP Code: 200
14:51:26 - Response body: 
{
    "token_generated": true,
    "token_reference": "VCH-511264154750",
    "atm_pin": "570862",
    "voucher_number": "511264154750",
    "expiry": "2026-03-01 14:51:26",
    "message": "ATM token generated successfully",
    "debug": {
        "voucher_id": 36,
        "cashout_id": 11,
        "reference": "VCH-69a2f2de210c9"
    }
}
14:51:26 - 
📌 TEST 9: Recent PHP Errors
14:51:26 - Last 20 lines from PHP error log:
14:51:26 -    [28-Feb-2026 14:44:13 Europe/Berlin] Bank: SACCUSBWXX
14:51:26 -    [28-Feb-2026 14:44:13 Europe/Berlin] Action: place_hold
14:51:26 -    [28-Feb-2026 14:44:13 Europe/Berlin] Base URL: http://localhost/SaccusSalisbank/backend
14:51:26 -    [28-Feb-2026 14:44:13 Europe/Berlin] Endpoint path: api/v1/hold.php
14:51:26 -    [28-Feb-2026 14:44:13 Europe/Berlin] Full URL: http://localhost/SaccusSalisbank/backend/api/v1/hold.php
14:51:26 -    [28-Feb-2026 14:44:13 Europe/Berlin] Payload being sent: {"reference":"629ff6f77767565598eb477510d217ef","asset_type":"E-WALLET","amount":100,"action":"PLACE_HOLD","expiry":"2026-03-01 14:44:13","hold_reason":"PENDING_TRANSACTION","foreign_bank":"ZURUBANK","destination_institution":"ZURUBANK","destination":"ZURUBANK","beneficiary_bank":"ZURUBANK","ewallet_phone":"+26770000000"}
14:51:26 -    [28-Feb-2026 14:44:13 Europe/Berlin] Added API Key header
14:51:26 -    [28-Feb-2026 14:44:13 Europe/Berlin] Headers: ["Content-Type: application\/json","X-Correlation-ID: 629ff6f77767565598eb477510d217ef","X-API-KEY: ad1927b1aaa09f04241646aa76b2c5d3886552e4f98d34a460602da26c588109"]
14:51:26 -    [28-Feb-2026 14:44:13 Europe/Berlin] HTTP Code: 200
14:51:26 -    [28-Feb-2026 14:44:13 Europe/Berlin] Response:
14:51:26 -    {"status":"SUCCESS","hold_placed":true,"hold_reference":"629ff6f77767565598eb477510d217ef","session_id":"SESSION-69a2f12dbb838","message":"Hold placed successfully","new_balance":995750,"held_balance":"3000.0000"}
14:51:26 -    [28-Feb-2026 14:44:13 Europe/Berlin] === DEBUG WRITTEN TO /tmp/hold_debug.log ===
14:51:26 -    [28-Feb-2026 14:44:13 Europe/Berlin] PHP Error [2]: Undefined array key "cashout" in /opt/lampp/htdocs/vouchmorphn/src/BUSINESS_LOGIC_LAYER/services/SwapService.php line 815
14:51:26 -    [28-Feb-2026 14:44:13 Europe/Berlin] PHP Fatal error:  Uncaught TypeError: BUSINESS_LOGIC_LAYER\services\SwapService::createCashoutVoucher(): Argument #5 ($cashoutData) must be of type array, null given, called in /opt/lampp/htdocs/vouchmorphn/src/BUSINESS_LOGIC_LAYER/services/SwapService.php on line 832 and defined in /opt/lampp/htdocs/vouchmorphn/src/BUSINESS_LOGIC_LAYER/services/SwapService.php:842
14:51:26 -    Stack trace:
14:51:26 -    #0 /opt/lampp/htdocs/vouchmorphn/src/BUSINESS_LOGIC_LAYER/services/SwapService.php(832): BUSINESS_LOGIC_LAYER\services\SwapService->createCashoutVoucher(33, '$2y$10$Ll1Htot7...', Array, '905025', NULL)
14:51:26 -    #1 /opt/lampp/htdocs/vouchmorphn/src/BUSINESS_LOGIC_LAYER/services/SwapService.php(471): BUSINESS_LOGIC_LAYER\services\SwapService->processCashout(33, '629ff6f77767565...', Array, Array, 'BWP', Array)
14:51:26 -    #2 /opt/lampp/htdocs/vouchmorphn/public/user/regulationdemo.php(315): BUSINESS_LOGIC_LAYER\services\SwapService->executeSwap(Array)
14:51:26 -    #3 {main}
14:51:26 -    thrown in /opt/lampp/htdocs/vouchmorphn/src/BUSINESS_LOGIC_LAYER/services/SwapService.php on line 842
14:51:26 - 
📌 TEST 10: Recent SwapService Debug Logs
14:51:26 - File: /tmp/hold_debug.log
14:51:26 -    "hold_reference": "629ff6f77767565598eb477510d217ef",
14:51:26 -    "session_id": "SESSION-69a2f12dbb838",
14:51:26 -    "message": "Hold placed successfully",
14:51:26 -    "new_balance": 995750,
14:51:26 -    "held_balance": "3000.0000"
14:51:26 -    },
14:51:26 -    "raw_response": "\r\n{\"status\":\"SUCCESS\",\"hold_placed\":true,\"hold_reference\":\"629ff6f77767565598eb477510d217ef\",\"session_id\":\"SESSION-69a2f12dbb838\",\"message\":\"Hold placed successfully\",\"new_balance\":995750,\"held_balance\":\"3000.0000\"}"
14:51:26 -    }
14:51:26 -    }
14:51:26 -    ---
14:51:26 - File: /tmp/vouchmorphn_swap_audit.log
14:51:26 -    {"timestamp":"2026-02-28T14:44:13+01:00","msg_id":"629ff6f77767565598eb477510d217ef","phase":"PLACE_HOLD_BANK_RESPONSE","details":{"bank_response":{"status":"SUCCESS","hold_placed":true,"hold_reference":"629ff6f77767565598eb477510d217ef","session_id":"SESSION-69a2f12dbb838","message":"Hold placed successfully","new_balance":995750,"held_balance":"3000.0000"}}}
14:51:26 -    {"timestamp":"2026-02-28T14:44:13+01:00","msg_id":"629ff6f77767565598eb477510d217ef","phase":"PLACE_HOLD_SUCCESS","details":{"hold_reference":"629ff6f77767565598eb477510d217ef","hold_expiry":null}}
14:51:26 -    {"timestamp":"2026-02-28T14:46:30+01:00","msg_id":"LOAD_ATM_NOTES","phase":"SUCCESS","details":{"file":"\/opt\/lampp\/htdocs\/vouchmorphn\/src\/BUSINESS_LOGIC_LAYER\/services\/..\/..\/CORE_CONFIG\/countries\/BW\/atm_notes_BW.json"}}
14:51:26 -    {"timestamp":"2026-02-28T14:46:30+01:00","msg_id":"PHONE_FORMATTING","phase":"INFO","details":{"institution":"SACCUSBWXX","original":"+26770000000","digits":"26770000000","config":{"prefix":"+","country_code":"267","strip_leading_zeros":true,"expected_length":11,"remove_country_code_for_local":false}}}
14:51:26 -    {"timestamp":"2026-02-28T14:46:30+01:00","msg_id":"PHONE_FORMATTED","phase":"INFO","details":{"institution":"SACCUSBWXX","formatted":"+26770000000"}}
14:51:26 -    {"timestamp":"2026-02-28T14:46:30+01:00","msg_id":"94b09b965a00aefac92c2103a904cef1","phase":"SWAP_FAILED","details":{"error":"Cashout validation failed: Amount cannot be dispensed with available denominations, Amount 1.00 BWP cannot be dispensed exactly. Closest dispensable: 0.00 BWP"}}
14:51:26 -    {"timestamp":"2026-02-28T14:51:24+01:00","msg_id":"LOAD_ATM_NOTES","phase":"SUCCESS","details":{"file":"\/opt\/lampp\/htdocs\/vouchmorphn\/src\/BUSINESS_LOGIC_LAYER\/services\/..\/..\/CORE_CONFIG\/countries\/BW\/atm_notes_BW.json"}}
14:51:26 -    {"timestamp":"2026-02-28T14:51:26+01:00","msg_id":"PHONE_FORMATTING","phase":"INFO","details":{"institution":"SACCUSBWXX","original":"+26770000000","digits":"26770000000","config":{"prefix":"+","country_code":"267","strip_leading_zeros":true,"expected_length":11,"remove_country_code_for_local":false}}}
14:51:26 -    {"timestamp":"2026-02-28T14:51:26+01:00","msg_id":"PHONE_FORMATTED","phase":"INFO","details":{"institution":"SACCUSBWXX","formatted":"+26770000000"}}
14:51:26 -    {"timestamp":"2026-02-28T14:51:26+01:00","msg_id":"6f5dc5f564a600850de47c87edc73986","phase":"SWAP_FAILED","details":{"error":"Cashout validation failed: Amount cannot be dispensed with available denominations, Amount 1.00 BWP cannot be dispensed exactly. Closest dispensable: 0.00 BWP"}}
14:51:26 - 
============================================================
14:51:26 - 📊 DIAGNOSTIC SUMMARY
14:51:26 - ============================================================
14:51:26 - Log file created: /opt/lampp/htdocs/vouchmorphn/src/APP_LAYER/logs/swap_audit.log
14:51:26 - Check this file for complete details
